0001_0012_0042_0032_0032.jpg 1 12 42 32 32
0002_0029_0029_0059_0059.jpg 1 29 29 59 59
0003_0019_0015_0032_0032.jpg 1 19 15 32 32
0004_0043_0053_0030_0030.jpg 1 43 53 30 30
0005_0024_0008_0037_0037.jpg 1 24 8 37 37
0006_0026_0049_0041_0041.jpg 1 26 49 41 41
0007_0005_0029_0061_0061.jpg 1 5 29 61 61
0008_0029_0019_0032_0032.jpg 1 29 19 32 32
0009_0019_0018_0062_0062.jpg 1 19 18 62 62
0010_0030_0053_0030_0030.jpg 1 30 53 30 30
0011_0028_0004_0062_0062.jpg 1 28 4 62 62
0012_0028_0017_0061_0061.jpg 1 28 17 61 61
0013_0023_0005_0055_0055.jpg 1 23 5 55 55
0014_0030_0027_0047_0047.jpg 1 30 27 47 47
0015_0022_0015_0056_0056.jpg 1 22 15 56 56
0016_0044_0039_0036_0036.jpg 1 44 39 36 36
0017_0035_0037_0057_0057.jpg 1 35 37 57 57
0018_0032_0054_0024_0024.jpg 1 32 54 24 24
0019_0041_0012_0036_0036.jpg 1 41 12 36 36
0020_0016_0014_0066_0066.jpg 1 16 14 66 66
0021_0031_0024_0038_0038.jpg 1 31 24 38 38
0022_0027_0020_0064_0064.jpg 1 27 20 64 64
0023_0055_0057_0034_0034.jpg 1 55 57 34 34
0024_0017_0005_0064_0064.jpg 1 17 5 64 64
0025_0036_0010_0059_0059.jpg 1 36 10 59 59
0026_0011_0020_0061_0061.jpg 1 11 20 61 61
0027_0025_0022_0047_0047.jpg 1 25 22 47 47
0028_0014_0025_0042_0042.jpg 1 14 25 42 42
0029_0041_0014_0026_0026.jpg 1 41 14 26 26
0030_0036_0040_0050_0050.jpg 1 36 40 50 50
0031_0012_0013_0060_0060.jpg 1 12 13 60 60
0032_0021_0024_0063_0063.jpg 1 21 24 63 63
0033_0016_0035_0035_0035.jpg 1 16 35 35 35
0034_0030_0008_0061_0061.jpg 1 30 8 61 61
0035_0011_0045_0035_0035.jpg 1 11 45 35 35
0036_0006_0004_0068_0068.jpg 1 6 4 68 68
0037_0007_0021_0063_0063.jpg 1 7 21 63 63
0038_0023_0011_0061_0061.jpg 1 23 11 61 61
0039_0020_0013_0060_0060.jpg 1 20 13 60 60
0040_0037_0025_0041_0041.jpg 1 37 25 41 41
0041_0016_0053_0040_0040.jpg 1 16 53 40 40
0042_0032_0040_0049_0049.jpg 1 32 40 49 49
0043_0049_0053_0027_0027.jpg 1 49 53 27 27
0044_0035_0024_0046_0046.jpg 1 35 24 46 46
0045_0005_0028_0067_0067.jpg 1 5 28 67 67
0046_0025_0022_0055_0055.jpg 1 25 22 55 55
0047_0006_0011_0062_0062.jpg 1 6 11 62 62
0048_0026_0006_0039_0039.jpg 1 26 6 39 39
0049_0015_0031_0034_0034.jpg 1 15 31 34 34
0050_0047_0006_0039_0039.jpg 1 47 6 39 39
0051_0061_0052_0024_0024.jpg 1 61 52 24 24
0052_0022_0025_0058_0058.jpg 1 22 25 58 58
0053_0048_0052_0028_0028.jpg 1 48 52 28 28
0054_0032_0046_0040_0040.jpg 1 32 46 40 40
0055_0023_0017_0037_0037.jpg 1 23 17 37 37
0056_0016_0013_0043_0043.jpg 1 16 13 43 43
0057_0012_0018_0051_0051.jpg 1 12 18 51 51
0058_0019_0023_0028_0028.jpg 1 19 23 28 28
0059_0039_0014_0055_0055.jpg 1 39 14 55 55
0060_0018_0017_0053_0053.jpg 1 18 17 53 53
0061_0026_0029_0032_0032.jpg 1 26 29 32 32
0062_0008_0013_0051_0051.jpg 1 8 13 51 51
0063_0034_0011_0059_0059.jpg 1 34 11 59 59
0064_0021_0046_0033_0033.jpg 1 21 46 33 33
0065_0015_0018_0063_0063.jpg 1 15 18 63 63
0066_0062_0042_0027_0027.jpg 1 62 42 27 27
0067_0046_0030_0024_0024.jpg 1 46 30 24 24
0068_0039_0028_0049_0049.jpg 1 39 28 49 49
0069_0030_0014_0065_0065.jpg 1 30 14 65 65
0070_0020_0026_0037_0037.jpg 1 20 26 37 37
0071_0045_0032_0040_0040.jpg 1 45 32 40 40
0072_0004_0014_0065_0065.jpg 1 4 14 65 65
0073_0030_0017_0044_0044.jpg 1 30 17 44 44
0074_0006_0016_0069_0069.jpg 1 6 16 69 69
0075_0016_0027_0068_0068.jpg 1 16 27 68 68
0076_0007_0031_0064_0064.jpg 1 7 31 64 64
0077_0016_0053_0024_0024.jpg 1 16 53 24 24
0078_0038_0013_0049_0049.jpg 1 38 13 49 49
0079_0030_0029_0024_0024.jpg 1 30 29 24 24
0080_0042_0043_0041_0041.jpg 1 42 43 41 41
0081_0040_0064_0026_0026.jpg 1 40 64 26 26
0082_0012_0046_0028_0028.jpg 1 12 46 28 28
0083_0028_0024_0060_0060.jpg 1 28 24 60 60
0084_0021_0021_0045_0045.jpg 1 21 21 45 45
0085_0032_0007_0046_0046.jpg 1 32 7 46 46
0086_0008_0022_0054_0054.jpg 1 8 22 54 54
0087_0027_0042_0053_0053.jpg 1 27 42 53 53
0088_0018_0050_0030_0030.jpg 1 18 50 30 30
0089_0055_0049_0035_0035.jpg 1 55 49 35 35
0090_0011_0030_0060_0060.jpg 1 11 30 60 60
0091_0038_0054_0037_0037.jpg 1 38 54 37 37
0092_0037_0017_0049_0049.jpg 1 37 17 49 49
0093_0030_0030_0055_0055.jpg 1 30 30 55 55
0094_0040_0043_0038_0038.jpg 1 40 43 38 38
0095_0009_0031_0056_0056.jpg 1 9 31 56 56
0096_0009_0029_0029_0029.jpg 1 9 29 29 29
0097_0008_0025_0036_0036.jpg 1 8 25 36 36
0098_0046_0033_0030_0030.jpg 1 46 33 30 30
0099_0032_0025_0051_0051.jpg 1 32 25 51 51
0100_0010_0011_0037_0037.jpg 1 10 11 37 37
0101_0017_0029_0058_0058.jpg 1 17 29 58 58
0102_0034_0028_0032_0032.jpg 1 34 28 32 32
0103_0058_0017_0034_0034.jpg 1 58 17 34 34
0104_0024_0018_0052_0052.jpg 1 24 18 52 52
0105_0033_0006_0050_0050.jpg 1 33 6 50 50
0106_0026_0008_0046_0046.jpg 1 26 8 46 46
0107_0021_0026_0056_0056.jpg 1 21 26 56 56
0108_0014_0031_0040_0040.jpg 1 14 31 40 40
0109_0008_0033_0062_0062.jpg 1 8 33 62 62
0110_0031_0041_0036_0036.jpg 1 31 41 36 36
0111_0032_0008_0060_0060.jpg 1 32 8 60 60
0112_0037_0013_0052_0052.jpg 1 37 13 52 52
0113_0045_0017_0049_0049.jpg 1 45 17 49 49
0114_0029_0017_0044_0044.jpg 1 29 17 44 44
0115_0023_0004_0067_0067.jpg 1 23 4 67 67
0116_0044_0034_0035_0035.jpg 1 44 34 35 35
0117_0047_0047_0045_0045.jpg 1 47 47 45 45
0118_0025_0041_0042_0042.jpg 1 25 41 42 42
0119_0008_0031_0042_0042.jpg 1 8 31 42 42
0120_0016_0031_0037_0037.jpg 1 16 31 37 37
0121_0026_0009_0066_0066.jpg 1 26 9 66 66
0122_0009_0025_0044_0044.jpg 1 9 25 44 44
0123_0035_0044_0029_0029.jpg 1 35 44 29 29
0124_0006_0029_0065_0065.jpg 1 6 29 65 65
0125_0022_0065_0026_0026.jpg 1 22 65 26 26
0126_0018_0010_0060_0060.jpg 1 18 10 60 60
0127_0008_0012_0061_0061.jpg 1 8 12 61 61
0128_0037_0019_0033_0033.jpg 1 37 19 33 33
0129_0019_0059_0024_0024.jpg 1 19 59 24 24
0130_0021_0019_0036_0036.jpg 1 21 19 36 36
0131_0009_0044_0035_0035.jpg 1 9 44 35 35
0132_0020_0024_0058_0058.jpg 1 20 24 58 58
0133_0014_0020_0058_0058.jpg 1 14 20 58 58
0134_0010_0021_0068_0068.jpg 1 10 21 68 68
0135_0016_0027_0065_0065.jpg 1 16 27 65 65
0136_0007_0030_0041_0041.jpg 1 7 30 41 41
0137_0006_0035_0060_0060.jpg 1 6 35 60 60
0138_0004_0023_0067_0067.jpg 1 4 23 67 67
0139_0027_0008_0033_0033.jpg 1 27 8 33 33
0140_0049_0020_0044_0044.jpg 1 49 20 44 44
0141_0055_0060_0024_0024.jpg 1 55 60 24 24
0142_0016_0028_0064_0064.jpg 1 16 28 64 64
0143_0018_0007_0055_0055.jpg 1 18 7 55 55
0144_0014_0017_0026_0026.jpg 1 14 17 26 26
0145_0042_0015_0039_0039.jpg 1 42 15 39 39
0146_0047_0028_0043_0043.jpg 1 47 28 43 43
0147_0040_0029_0045_0045.jpg 1 40 29 45 45
0148_0026_0026_0067_0067.jpg 1 26 26 67 67
0149_0024_0026_0041_0041.jpg 1 24 26 41 41
0150_0039_0060_0033_0033.jpg 1 39 60 33 33
0151_0055_0024_0026_0026.jpg 1 55 24 26 26
0152_0019_0009_0048_0048.jpg 1 19 9 48 48
0153_0010_0012_0055_0055.jpg 1 10 12 55 55
0154_0021_0032_0054_0054.jpg 1 21 32 54 54
0155_0038_0039_0044_0044.jpg 1 38 39 44 44
0156_0027_0023_0063_0063.jpg 1 27 23 63 63
0157_0009_0007_0046_0046.jpg 1 9 7 46 46
0158_0038_0037_0033_0033.jpg 1 38 37 33 33
0159_0043_0010_0047_0047.jpg 1 43 10 47 47
0160_0042_0010_0036_0036.jpg 1 42 10 36 36
0161_0013_0010_0069_0069.jpg 1 13 10 69 69
0162_0030_0032_0056_0056.jpg 1 30 32 56 56
0163_0017_0015_0060_0060.jpg 1 17 15 60 60
0164_0035_0057_0030_0030.jpg 1 35 57 30 30
0165_0019_0031_0042_0042.jpg 1 19 31 42 42
0166_0036_0030_0049_0049.jpg 1 36 30 49 49
0167_0013_0045_0044_0044.jpg 1 13 45 44 44
0168_0031_0044_0027_0027.jpg 1 31 44 27 27
0169_0044_0058_0034_0034.jpg 1 44 58 34 34
0170_0028_0045_0038_0038.jpg 1 28 45 38 38
0171_0040_0007_0050_0050.jpg 1 40 7 50 50
0172_0046_0022_0045_0045.jpg 1 46 22 45 45
0173_0013_0006_0056_0056.jpg 1 13 6 56 56
0174_0015_0059_0027_0027.jpg 1 15 59 27 27
0175_0050_0038_0026_0026.jpg 1 50 38 26 26
0176_0045_0028_0033_0033.jpg 1 45 28 33 33
0177_0013_0040_0049_0049.jpg 1 13 40 49 49
0178_0045_0009_0036_0036.jpg 1 45 9 36 36
0179_0038_0027_0054_0054.jpg 1 38 27 54 54
0180_0034_0046_0033_0033.jpg 1 34 46 33 33
0181_0027_0007_0058_0058.jpg 1 27 7 58 58
0182_0044_0051_0026_0026.jpg 1 44 51 26 26
0183_0020_0014_0044_0044.jpg 1 20 14 44 44
0184_0027_0036_0038_0038.jpg 1 27 36 38 38
0185_0053_0046_0038_0038.jpg 1 53 46 38 38
0186_0029_0014_0065_0065.jpg 1 29 14 65 65
0187_0012_0035_0031_0031.jpg 1 12 35 31 31
0188_0033_0033_0030_0030.jpg 1 33 33 30 30
0189_0058_0036_0034_0034.jpg 1 58 36 34 34
0190_0033_0011_0045_0045.jpg 1 33 11 45 45
0191_0018_0009_0066_0066.jpg 1 18 9 66 66
0192_0015_0027_0055_0055.jpg 1 15 27 55 55
0193_0025_0023_0049_0049.jpg 1 25 23 49 49
0194_0034_0029_0061_0061.jpg 1 34 29 61 61
0195_0059_0015_0024_0024.jpg 1 59 15 24 24
0196_0015_0026_0068_0068.jpg 1 15 26 68 68
0197_0039_0029_0032_0032.jpg 1 39 29 32 32
0198_0059_0027_0028_0028.jpg 1 59 27 28 28
0199_0014_0010_0048_0048.jpg 1 14 10 48 48
0200_0009_0015_0067_0067.jpg 1 9 15 67 67
0201_0038_0040_0030_0030.jpg 1 38 40 30 30
0202_0013_0015_0036_0036.jpg 1 13 15 36 36
0203_0014_0032_0053_0053.jpg 1 14 32 53 53
0204_0018_0042_0043_0043.jpg 1 18 42 43 43
0205_0016_0016_0028_0028.jpg 1 16 16 28 28
0206_0056_0033_0030_0030.jpg 1 56 33 30 30
0207_0007_0014_0047_0047.jpg 1 7 14 47 47
0208_0015_0045_0042_0042.jpg 1 15 45 42 42
0209_0062_0059_0029_0029.jpg 1 62 59 29 29
0210_0039_0014_0051_0051.jpg 1 39 14 51 51
0211_0017_0020_0046_0046.jpg 1 17 20 46 46
0212_0021_0009_0052_0052.jpg 1 21 9 52 52
0213_0014_0035_0036_0036.jpg 1 14 35 36 36
0214_0031_0028_0061_0061.jpg 1 31 28 61 61
0215_0007_0008_0038_0038.jpg 1 7 8 38 38
0216_0052_0037_0039_0039.jpg 1 52 37 39 39
0217_0021_0004_0068_0068.jpg 1 21 4 68 68
0218_0014_0006_0066_0066.jpg 1 14 6 66 66
0219_0011_0015_0055_0055.jpg 1 11 15 55 55
0220_0028_0006_0065_0065.jpg 1 28 6 65 65
0221_0038_0010_0041_0041.jpg 1 38 10 41 41
0222_0027_0034_0054_0054.jpg 1 27 34 54 54
0223_0031_0050_0037_0037.jpg 1 31 50 37 37
0224_0024_0034_0028_0028.jpg 1 24 34 28 28
0225_0024_0041_0054_0054.jpg 1 24 41 54 54
0226_0008_0049_0025_0025.jpg 1 8 49 25 25
0227_0007_0039_0050_0050.jpg 1 7 39 50 50
0228_0033_0013_0027_0027.jpg 1 33 13 27 27
0229_0015_0034_0046_0046.jpg 1 15 34 46 46
0230_0016_0035_0053_0053.jpg 1 16 35 53 53
0231_0026_0037_0053_0053.jpg 1 26 37 53 53
0232_0014_0014_0057_0057.jpg 1 14 14 57 57
0233_0024_0023_0037_0037.jpg 1 24 23 37 37
0234_0011_0009_0048_0048.jpg 1 11 9 48 48
0235_0011_0039_0029_0029.jpg 1 11 39 29 29
0236_0055_0030_0036_0036.jpg 1 55 30 36 36
0237_0033_0041_0052_0052.jpg 1 33 41 52 52
0238_0062_0058_0028_0028.jpg 1 62 58 28 28
0239_0016_0022_0059_0059.jpg 1 16 22 59 59
0240_0035_0011_0049_0049.jpg 1 35 11 49 49
0241_0058_0033_0029_0029.jpg 1 58 33 29 29
0242_0019_0025_0068_0068.jpg 1 19 25 68 68
0243_0012_0011_0064_0064.jpg 1 12 11 64 64
0244_0045_0015_0027_0027.jpg 1 45 15 27 27
0245_0027_0031_0036_0036.jpg 1 27 31 36 36
0246_0057_0043_0025_0025.jpg 1 57 43 25 25
0247_0017_0016_0058_0058.jpg 1 17 16 58 58
0248_0010_0025_0040_0040.jpg 1 10 25 40 40
0249_0011_0023_0056_0056.jpg 1 11 23 56 56
0250_0007_0010_0058_0058.jpg 1 7 10 58 58
0251_0021_0016_0044_0044.jpg 1 21 16 44 44
0252_0042_0010_0050_0050.jpg 1 42 10 50 50
0253_0008_0027_0065_0065.jpg 1 8 27 65 65
0254_0024_0008_0046_0046.jpg 1 24 8 46 46
0255_0012_0006_0040_0040.jpg 1 12 6 40 40
0256_0032_0023_0058_0058.jpg 1 32 23 58 58
0257_0034_0010_0035_0035.jpg 1 34 10 35 35
0258_0023_0031_0035_0035.jpg 1 23 31 35 35
0259_0042_0037_0048_0048.jpg 1 42 37 48 48
0260_0017_0042_0026_0026.jpg 1 17 42 26 26
0261_0009_0047_0044_0044.jpg 1 9 47 44 44
0262_0031_0055_0030_0030.jpg 1 31 55 30 30
0263_0016_0023_0045_0045.jpg 1 16 23 45 45
0264_0030_0030_0041_0041.jpg 1 30 30 41 41
0265_0061_0050_0030_0030.jpg 1 61 50 30 30
0266_0023_0050_0025_0025.jpg 1 23 50 25 25
0267_0018_0036_0027_0027.jpg 1 18 36 27 27
0268_0051_0035_0038_0038.jpg 1 51 35 38 38
0269_0028_0014_0068_0068.jpg 1 28 14 68 68
0270_0045_0062_0029_0029.jpg 1 45 62 29 29
0271_0026_0018_0068_0068.jpg 1 26 18 68 68
0272_0064_0040_0026_0026.jpg 1 64 40 26 26
0273_0019_0009_0054_0054.jpg 1 19 9 54 54
0274_0015_0008_0058_0058.jpg 1 15 8 58 58
0275_0040_0047_0035_0035.jpg 1 40 47 35 35
0276_0007_0029_0048_0048.jpg 1 7 29 48 48
0277_0041_0040_0044_0044.jpg 1 41 40 44 44
0278_0041_0056_0033_0033.jpg 1 41 56 33 33
0279_0004_0018_0068_0068.jpg 1 4 18 68 68
0280_0025_0024_0060_0060.jpg 1 25 24 60 60
0281_0065_0036_0026_0026.jpg 1 65 36 26 26
0282_0027_0012_0060_0060.jpg 1 27 12 60 60
0283_0022_0009_0047_0047.jpg 1 22 9 47 47
0284_0031_0016_0063_0063.jpg 1 31 16 63 63
0285_0013_0019_0031_0031.jpg 1 13 19 31 31
0286_0006_0021_0045_0045.jpg 1 6 21 45 45
0287_0062_0033_0025_0025.jpg 1 62 33 25 25
0288_0046_0049_0025_0025.jpg 1 46 49 25 25
0289_0062_0027_0029_0029.jpg 1 62 27 29 29
0290_0022_0004_0061_0061.jpg 1 22 4 61 61
0291_0037_0038_0050_0050.jpg 1 37 38 50 50
0292_0057_0036_0033_0033.jpg 1 57 36 33 33
0293_0020_0013_0054_0054.jpg 1 20 13 54 54
0294_0058_0009_0034_0034.jpg 1 58 9 34 34
0295_0007_0029_0031_0031.jpg 1 7 29 31 31
0296_0013_0059_0033_0033.jpg 1 13 59 33 33
0297_0008_0034_0047_0047.jpg 1 8 34 47 47
0298_0049_0054_0036_0036.jpg 1 49 54 36 36
0299_0038_0055_0031_0031.jpg 1 38 55 31 31
0300_0005_0037_0046_0046.jpg 1 5 37 46 46
0301_0011_0014_0068_0068.jpg 1 11 14 68 68
0302_0025_0037_0043_0043.jpg 1 25 37 43 43
0303_0020_0036_0047_0047.jpg 1 20 36 47 47
0304_0009_0009_0064_0064.jpg 1 9 9 64 64
0305_0015_0015_0062_0062.jpg 1 15 15 62 62
0306_0029_0008_0045_0045.jpg 1 29 8 45 45
0307_0010_0037_0056_0056.jpg 1 10 37 56 56
0308_0013_0011_0069_0069.jpg 1 13 11 69 69
0309_0033_0007_0047_0047.jpg 1 33 7 47 47
0310_0035_0024_0028_0028.jpg 1 35 24 28 28
0311_0050_0040_0036_0036.jpg 1 50 40 36 36
0312_0021_0053_0034_0034.jpg 1 21 53 34 34
0313_0030_0037_0058_0058.jpg 1 30 37 58 58
0314_0016_0004_0069_0069.jpg 1 16 4 69 69
0315_0046_0047_0038_0038.jpg 1 46 47 38 38
0316_0047_0040_0046_0046.jpg 1 47 40 46 46
0317_0046_0031_0046_0046.jpg 1 46 31 46 46
0318_0006_0023_0065_0065.jpg 1 6 23 65 65
0319_0009_0015_0065_0065.jpg 1 9 15 65 65
0320_0015_0034_0046_0046.jpg 1 15 34 46 46
0321_0036_0012_0052_0052.jpg 1 36 12 52 52
0322_0039_0023_0054_0054.jpg 1 39 23 54 54
0323_0043_0015_0048_0048.jpg 1 43 15 48 48
0324_0046_0013_0045_0045.jpg 1 46 13 45 45
0325_0039_0036_0037_0037.jpg 1 39 36 37 37
0326_0007_0007_0038_0038.jpg 1 7 7 38 38
0327_0062_0034_0027_0027.jpg 1 62 34 27 27
0328_0013_0042_0040_0040.jpg 1 13 42 40 40
0329_0042_0031_0024_0024.jpg 1 42 31 24 24
0330_0024_0028_0061_0061.jpg 1 24 28 61 61
0331_0031_0013_0060_0060.jpg 1 31 13 60 60
0332_0042_0034_0045_0045.jpg 1 42 34 45 45
0333_0027_0025_0064_0064.jpg 1 27 25 64 64
0334_0010_0014_0065_0065.jpg 1 10 14 65 65
0335_0025_0018_0067_0067.jpg 1 25 18 67 67
0336_0007_0008_0041_0041.jpg 1 7 8 41 41
0337_0012_0019_0050_0050.jpg 1 12 19 50 50
0338_0056_0031_0030_0030.jpg 1 56 31 30 30
0339_0036_0022_0053_0053.jpg 1 36 22 53 53
0340_0020_0016_0059_0059.jpg 1 20 16 59 59
0341_0005_0004_0061_0061.jpg 1 5 4 61 61
0342_0045_0050_0026_0026.jpg 1 45 50 26 26
0343_0010_0014_0031_0031.jpg 1 10 14 31 31
0344_0014_0015_0059_0059.jpg 1 14 15 59 59
0345_0028_0045_0040_0040.jpg 1 28 45 40 40
0346_0022_0005_0067_0067.jpg 1 22 5 67 67
0347_0025_0017_0032_0032.jpg 1 25 17 32 32
0348_0043_0037_0044_0044.jpg 1 43 37 44 44
0349_0055_0017_0038_0038.jpg 1 55 17 38 38
0350_0008_0030_0064_0064.jpg 1 8 30 64 64
0351_0013_0023_0045_0045.jpg 1 13 23 45 45
0352_0009_0017_0066_0066.jpg 1 9 17 66 66
0353_0034_0027_0032_0032.jpg 1 34 27 32 32
0354_0019_0018_0028_0028.jpg 1 19 18 28 28
0355_0046_0017_0033_0033.jpg 1 46 17 33 33
0356_0038_0019_0040_0040.jpg 1 38 19 40 40
0357_0049_0010_0041_0041.jpg 1 49 10 41 41
0358_0051_0036_0027_0027.jpg 1 51 36 27 27
0359_0023_0029_0055_0055.jpg 1 23 29 55 55
0360_0016_0034_0044_0044.jpg 1 16 34 44 44
0361_0037_0052_0027_0027.jpg 1 37 52 27 27
0362_0027_0011_0059_0059.jpg 1 27 11 59 59
0363_0039_0007_0042_0042.jpg 1 39 7 42 42
0364_0009_0049_0040_0040.jpg 1 9 49 40 40
0365_0031_0016_0050_0050.jpg 1 31 16 50 50
0366_0031_0016_0032_0032.jpg 1 31 16 32 32
0367_0023_0009_0036_0036.jpg 1 23 9 36 36
0368_0028_0047_0035_0035.jpg 1 28 47 35 35
0369_0016_0028_0026_0026.jpg 1 16 28 26 26
0370_0027_0045_0046_0046.jpg 1 27 45 46 46
0371_0048_0005_0046_0046.jpg 1 48 5 46 46
0372_0021_0026_0029_0029.jpg 1 21 26 29 29
0373_0031_0005_0051_0051.jpg 1 31 5 51 51
0374_0025_0014_0069_0069.jpg 1 25 14 69 69
0375_0007_0013_0042_0042.jpg 1 7 13 42 42
0376_0049_0021_0026_0026.jpg 1 49 21 26 26
0377_0050_0054_0038_0038.jpg 1 50 54 38 38
0378_0038_0057_0036_0036.jpg 1 38 57 36 36
0379_0005_0017_0052_0052.jpg 1 5 17 52 52
0380_0048_0009_0030_0030.jpg 1 48 9 30 30
0381_0023_0021_0067_0067.jpg 1 23 21 67 67
0382_0013_0013_0047_0047.jpg 1 13 13 47 47
0383_0018_0015_0052_0052.jpg 1 18 15 52 52
0384_0063_0011_0025_0025.jpg 1 63 11 25 25
0385_0022_0033_0039_0039.jpg 1 22 33 39 39
0386_0021_0022_0064_0064.jpg 1 21 22 64 64
0387_0019_0024_0056_0056.jpg 1 19 24 56 56
0388_0011_0019_0065_0065.jpg 1 11 19 65 65
0389_0041_0023_0039_0039.jpg 1 41 23 39 39
0390_0018_0039_0028_0028.jpg 1 18 39 28 28
0391_0013_0008_0068_0068.jpg 1 13 8 68 68
0392_0044_0005_0049_0049.jpg 1 44 5 49 49
0393_0040_0055_0035_0035.jpg 1 40 55 35 35
0394_0026_0030_0029_0029.jpg 1 26 30 29 29
0395_0026_0011_0038_0038.jpg 1 26 11 38 38
0396_0013_0026_0066_0066.jpg 1 13 26 66 66
0397_0031_0028_0052_0052.jpg 1 31 28 52 52
0398_0042_0036_0028_0028.jpg 1 42 36 28 28
0399_0020_0041_0027_0027.jpg 1 20 41 27 27
0400_0018_0048_0043_0043.jpg 1 18 48 43 43
0401_0018_0037_0057_0057.jpg 1 18 37 57 57
0402_0032_0034_0048_0048.jpg 1 32 34 48 48
0403_0025_0018_0056_0056.jpg 1 25 18 56 56
0404_0008_0044_0050_0050.jpg 1 8 44 50 50
0405_0028_0065_0027_0027.jpg 1 28 65 27 27
0406_0034_0018_0060_0060.jpg 1 34 18 60 60
0407_0032_0027_0037_0037.jpg 1 32 27 37 37
0408_0027_0016_0061_0061.jpg 1 27 16 61 61
0409_0058_0036_0029_0029.jpg 1 58 36 29 29
0410_0051_0037_0041_0041.jpg 1 51 37 41 41
0411_0005_0003_0066_0066.jpg 1 5 3 66 66
0412_0034_0015_0046_0046.jpg 1 34 15 46 46
0413_0011_0023_0048_0048.jpg 1 11 23 48 48
0414_0016_0026_0063_0063.jpg 1 16 26 63 63
0415_0019_0023_0068_0068.jpg 1 19 23 68 68
0416_0015_0011_0053_0053.jpg 1 15 11 53 53
0417_0047_0009_0037_0037.jpg 1 47 9 37 37
0418_0030_0043_0033_0033.jpg 1 30 43 33 33
0419_0042_0057_0034_0034.jpg 1 42 57 34 34
0420_0040_0040_0038_0038.jpg 1 40 40 38 38
0421_0027_0037_0045_0045.jpg 1 27 37 45 45
0422_0017_0024_0052_0052.jpg 1 17 24 52 52
0423_0004_0019_0064_0064.jpg 1 4 19 64 64
0424_0044_0012_0025_0025.jpg 1 44 12 25 25
0425_0008_0026_0054_0054.jpg 1 8 26 54 54
0426_0025_0042_0026_0026.jpg 1 25 42 26 26
0427_0026_0028_0049_0049.jpg 1 26 28 49 49
0428_0023_0005_0062_0062.jpg 1 23 5 62 62
0429_0007_0042_0050_0050.jpg 1 7 42 50 50
0430_0042_0011_0041_0041.jpg 1 42 11 41 41
0431_0058_0025_0034_0034.jpg 1 58 25 34 34
0432_0015_0010_0045_0045.jpg 1 15 10 45 45
0433_0022_0005_0045_0045.jpg 1 22 5 45 45
0434_0059_0028_0027_0027.jpg 1 59 28 27 27
0435_0033_0028_0056_0056.jpg 1 33 28 56 56
0436_0007_0041_0024_0024.jpg 1 7 41 24 24
0437_0026_0031_0062_0062.jpg 1 26 31 62 62
0438_0026_0007_0030_0030.jpg 1 26 7 30 30
0439_0018_0060_0026_0026.jpg 1 18 60 26 26
0440_0013_0011_0056_0056.jpg 1 13 11 56 56
0441_0025_0015_0057_0057.jpg 1 25 15 57 57
0442_0050_0031_0030_0030.jpg 1 50 31 30 30
0443_0032_0023_0039_0039.jpg 1 32 23 39 39
0444_0030_0023_0058_0058.jpg 1 30 23 58 58
0445_0014_0016_0054_0054.jpg 1 14 16 54 54
0446_0030_0008_0024_0024.jpg 1 30 8 24 24
0447_0029_0008_0055_0055.jpg 1 29 8 55 55
0448_0008_0009_0067_0067.jpg 1 8 9 67 67
0449_0041_0053_0035_0035.jpg 1 41 53 35 35
0450_0010_0011_0036_0036.jpg 1 10 11 36 36
0451_0033_0031_0060_0060.jpg 1 33 31 60 60
0452_0030_0016_0040_0040.jpg 1 30 16 40 40
0453_0018_0037_0042_0042.jpg 1 18 37 42 42
0454_0042_0010_0038_0038.jpg 1 42 10 38 38
0455_0049_0046_0029_0029.jpg 1 49 46 29 29
0456_0043_0036_0046_0046.jpg 1 43 36 46 46
0457_0032_0025_0050_0050.jpg 1 32 25 50 50
0458_0045_0023_0037_0037.jpg 1 45 23 37 37
0459_0005_0019_0069_0069.jpg 1 5 19 69 69
0460_0026_0008_0060_0060.jpg 1 26 8 60 60
0461_0026_0045_0035_0035.jpg 1 26 45 35 35
0462_0022_0049_0038_0038.jpg 1 22 49 38 38
0463_0043_0035_0045_0045.jpg 1 43 35 45 45
0464_0056_0014_0036_0036.jpg 1 56 14 36 36
0465_0038_0028_0045_0045.jpg 1 38 28 45 45
0466_0036_0022_0036_0036.jpg 1 36 22 36 36
0467_0058_0028_0028_0028.jpg 1 58 28 28 28
0468_0006_0010_0057_0057.jpg 1 6 10 57 57
0469_0060_0056_0031_0031.jpg 1 60 56 31 31
0470_0052_0008_0033_0033.jpg 1 52 8 33 33
0471_0029_0029_0066_0066.jpg 1 29 29 66 66
0472_0014_0005_0050_0050.jpg 1 14 5 50 50
0473_0016_0025_0039_0039.jpg 1 16 25 39 39
0474_0044_0048_0045_0045.jpg 1 44 48 45 45
0475_0043_0040_0036_0036.jpg 1 43 40 36 36
0476_0008_0023_0046_0046.jpg 1 8 23 46 46
0477_0011_0027_0053_0053.jpg 1 11 27 53 53
0478_0041_0012_0031_0031.jpg 1 41 12 31 31
0479_0021_0011_0045_0045.jpg 1 21 11 45 45
0480_0023_0023_0068_0068.jpg 1 23 23 68 68
0481_0027_0022_0048_0048.jpg 1 27 22 48 48
0482_0010_0036_0048_0048.jpg 1 10 36 48 48
0483_0020_0034_0044_0044.jpg 1 20 34 44 44
0484_0031_0008_0057_0057.jpg 1 31 8 57 57
0485_0036_0017_0026_0026.jpg 1 36 17 26 26
0486_0014_0033_0055_0055.jpg 1 14 33 55 55
0487_0055_0036_0028_0028.jpg 1 55 36 28 28
0488_0037_0028_0044_0044.jpg 1 37 28 44 44
0489_0016_0006_0054_0054.jpg 1 16 6 54 54
0490_0011_0064_0028_0028.jpg 1 11 64 28 28
0491_0025_0026_0064_0064.jpg 1 25 26 64 64
0492_0006_0018_0062_0062.jpg 1 6 18 62 62
0493_0016_0038_0053_0053.jpg 1 16 38 53 53
0494_0007_0013_0061_0061.jpg 1 7 13 61 61
0495_0012_0013_0065_0065.jpg 1 12 13 65 65
0496_0035_0035_0055_0055.jpg 1 35 35 55 55
0497_0049_0017_0037_0037.jpg 1 49 17 37 37
0498_0026_0031_0064_0064.jpg 1 26 31 64 64
0499_0048_0050_0029_0029.jpg 1 48 50 29 29
0500_0005_0016_0050_0050.jpg 1 5 16 50 50
0501_0008_0006_0051_0051.jpg 1 8 6 51 51
0502_0010_0029_0067_0067.jpg 1 10 29 67 67
0503_0008_0051_0039_0039.jpg 1 8 51 39 39
0504_0030_0024_0036_0036.jpg 1 30 24 36 36
0505_0011_0006_0063_0063.jpg 1 11 6 63 63
0506_0026_0022_0057_0057.jpg 1 26 22 57 57
0507_0027_0041_0030_0030.jpg 1 27 41 30 30
0508_0055_0043_0032_0032.jpg 1 55 43 32 32
0509_0006_0014_0049_0049.jpg 1 6 14 49 49
0510_0026_0039_0041_0041.jpg 1 26 39 41 41
0511_0037_0038_0049_0049.jpg 1 37 38 49 49
0512_0056_0042_0033_0033.jpg 1 56 42 33 33
0513_0021_0021_0057_0057.jpg 1 21 21 57 57
0514_0021_0009_0046_0046.jpg 1 21 9 46 46
0515_0021_0014_0066_0066.jpg 1 21 14 66 66
0516_0014_0017_0062_0062.jpg 1 14 17 62 62
0517_0028_0008_0057_0057.jpg 1 28 8 57 57
0518_0040_0020_0040_0040.jpg 1 40 20 40 40
0519_0022_0016_0063_0063.jpg 1 22 16 63 63
0520_0033_0013_0061_0061.jpg 1 33 13 61 61
0521_0046_0051_0030_0030.jpg 1 46 51 30 30
0522_0046_0044_0041_0041.jpg 1 46 44 41 41
0523_0055_0067_0024_0024.jpg 1 55 67 24 24
0524_0016_0036_0046_0046.jpg 1 16 36 46 46
0525_0038_0033_0028_0028.jpg 1 38 33 28 28
0526_0013_0016_0034_0034.jpg 1 13 16 34 34
0527_0062_0014_0026_0026.jpg 1 62 14 26 26
0528_0040_0021_0052_0052.jpg 1 40 21 52 52
0529_0009_0028_0066_0066.jpg 1 9 28 66 66
0530_0005_0010_0052_0052.jpg 1 5 10 52 52
0531_0029_0035_0051_0051.jpg 1 29 35 51 51
0532_0058_0017_0032_0032.jpg 1 58 17 32 32
0533_0045_0035_0039_0039.jpg 1 45 35 39 39
0534_0045_0022_0043_0043.jpg 1 45 22 43 43
0535_0013_0018_0053_0053.jpg 1 13 18 53 53
0536_0029_0020_0059_0059.jpg 1 29 20 59 59
0537_0011_0009_0056_0056.jpg 1 11 9 56 56
0538_0011_0038_0028_0028.jpg 1 11 38 28 28
0539_0019_0011_0051_0051.jpg 1 19 11 51 51
0540_0026_0007_0044_0044.jpg 1 26 7 44 44
0541_0024_0014_0044_0044.jpg 1 24 14 44 44
0542_0053_0034_0032_0032.jpg 1 53 34 32 32
0543_0039_0020_0028_0028.jpg 1 39 20 28 28
0544_0014_0016_0054_0054.jpg 1 14 16 54 54
0545_0044_0015_0045_0045.jpg 1 44 15 45 45
0546_0030_0015_0035_0035.jpg 1 30 15 35 35
0547_0051_0022_0033_0033.jpg 1 51 22 33 33
0548_0050_0043_0041_0041.jpg 1 50 43 41 41
0549_0042_0064_0024_0024.jpg 1 42 64 24 24
0550_0022_0027_0060_0060.jpg 1 22 27 60 60
0551_0012_0019_0058_0058.jpg 1 12 19 58 58
0552_0041_0011_0038_0038.jpg 1 41 11 38 38
0553_0059_0051_0028_0028.jpg 1 59 51 28 28
0554_0016_0012_0042_0042.jpg 1 16 12 42 42
0555_0050_0032_0040_0040.jpg 1 50 32 40 40
0556_0016_0016_0067_0067.jpg 1 16 16 67 67
0557_0016_0012_0057_0057.jpg 1 16 12 57 57
0558_0008_0016_0058_0058.jpg 1 8 16 58 58
0559_0007_0003_0065_0065.jpg 1 7 3 65 65
0560_0025_0004_0063_0063.jpg 1 25 4 63 63
0561_0010_0009_0055_0055.jpg 1 10 9 55 55
0562_0029_0036_0039_0039.jpg 1 29 36 39 39
0563_0050_0009_0030_0030.jpg 1 50 9 30 30
0564_0014_0029_0064_0064.jpg 1 14 29 64 64
0565_0043_0030_0040_0040.jpg 1 43 30 40 40
0566_0051_0054_0027_0027.jpg 1 51 54 27 27
0567_0039_0044_0030_0030.jpg 1 39 44 30 30
0568_0031_0014_0032_0032.jpg 1 31 14 32 32
0569_0007_0032_0052_0052.jpg 1 7 32 52 52
0570_0015_0047_0028_0028.jpg 1 15 47 28 28
0571_0008_0023_0066_0066.jpg 1 8 23 66 66
0572_0022_0011_0052_0052.jpg 1 22 11 52 52
0573_0046_0015_0039_0039.jpg 1 46 15 39 39
0574_0007_0049_0035_0035.jpg 1 7 49 35 35
0575_0009_0017_0026_0026.jpg 1 9 17 26 26
0576_0024_0007_0041_0041.jpg 1 24 7 41 41
0577_0029_0026_0065_0065.jpg 1 29 26 65 65
0578_0042_0018_0040_0040.jpg 1 42 18 40 40
0579_0057_0036_0031_0031.jpg 1 57 36 31 31
0580_0028_0020_0047_0047.jpg 1 28 20 47 47
0581_0014_0033_0045_0045.jpg 1 14 33 45 45
0582_0014_0044_0028_0028.jpg 1 14 44 28 28
0583_0015_0011_0032_0032.jpg 1 15 11 32 32
0584_0032_0036_0057_0057.jpg 1 32 36 57 57
0585_0010_0003_0066_0066.jpg 1 10 3 66 66
0586_0050_0012_0040_0040.jpg 1 50 12 40 40
0587_0029_0022_0048_0048.jpg 1 29 22 48 48
0588_0039_0040_0032_0032.jpg 1 39 40 32 32
0589_0054_0045_0028_0028.jpg 1 54 45 28 28
0590_0010_0055_0026_0026.jpg 1 10 55 26 26
0591_0038_0030_0031_0031.jpg 1 38 30 31 31
0592_0035_0005_0055_0055.jpg 1 35 5 55 55
0593_0030_0042_0049_0049.jpg 1 30 42 49 49
0594_0024_0026_0038_0038.jpg 1 24 26 38 38
0595_0032_0030_0064_0064.jpg 1 32 30 64 64
0596_0047_0016_0038_0038.jpg 1 47 16 38 38
0597_0026_0004_0065_0065.jpg 1 26 4 65 65
0598_0015_0013_0043_0043.jpg 1 15 13 43 43
0599_0014_0018_0032_0032.jpg 1 14 18 32 32
0600_0032_0023_0062_0062.jpg 1 32 23 62 62
0601_0040_0027_0033_0033.jpg 1 40 27 33 33
0602_0019_0008_0049_0049.jpg 1 19 8 49 49
0603_0022_0020_0054_0054.jpg 1 22 20 54 54
0604_0019_0013_0059_0059.jpg 1 19 13 59 59
0605_0048_0030_0032_0032.jpg 1 48 30 32 32
0606_0012_0025_0048_0048.jpg 1 12 25 48 48
0607_0058_0053_0032_0032.jpg 1 58 53 32 32
0608_0015_0035_0048_0048.jpg 1 15 35 48 48
0609_0032_0018_0034_0034.jpg 1 32 18 34 34
0610_0011_0023_0064_0064.jpg 1 11 23 64 64
0611_0029_0036_0053_0053.jpg 1 29 36 53 53
0612_0008_0039_0034_0034.jpg 1 8 39 34 34
0613_0045_0064_0024_0024.jpg 1 45 64 24 24
0614_0045_0010_0043_0043.jpg 1 45 10 43 43
0615_0031_0008_0049_0049.jpg 1 31 8 49 49
0616_0007_0026_0068_0068.jpg 1 7 26 68 68
0617_0042_0017_0042_0042.jpg 1 42 17 42 42
0618_0014_0013_0069_0069.jpg 1 14 13 69 69
0619_0025_0024_0041_0041.jpg 1 25 24 41 41
0620_0007_0014_0054_0054.jpg 1 7 14 54 54
0621_0023_0029_0053_0053.jpg 1 23 29 53 53
0622_0013_0017_0050_0050.jpg 1 13 17 50 50
0623_0042_0017_0040_0040.jpg 1 42 17 40 40
0624_0029_0015_0057_0057.jpg 1 29 15 57 57
0625_0025_0008_0030_0030.jpg 1 25 8 30 30
0626_0022_0033_0024_0024.jpg 1 22 33 24 24
0627_0042_0033_0038_0038.jpg 1 42 33 38 38
0628_0009_0042_0047_0047.jpg 1 9 42 47 47
0629_0039_0018_0047_0047.jpg 1 39 18 47 47
0630_0021_0029_0063_0063.jpg 1 21 29 63 63
0631_0036_0035_0043_0043.jpg 1 36 35 43 43
0632_0030_0059_0032_0032.jpg 1 30 59 32 32
0633_0006_0018_0066_0066.jpg 1 6 18 66 66
0634_0020_0023_0049_0049.jpg 1 20 23 49 49
0635_0018_0019_0069_0069.jpg 1 18 19 69 69
0636_0009_0013_0039_0039.jpg 1 9 13 39 39
0637_0034_0015_0038_0038.jpg 1 34 15 38 38
0638_0034_0017_0029_0029.jpg 1 34 17 29 29
0639_0044_0055_0029_0029.jpg 1 44 55 29 29
0640_0016_0007_0068_0068.jpg 1 16 7 68 68
0641_0016_0057_0030_0030.jpg 1 16 57 30 30
0642_0056_0022_0028_0028.jpg 1 56 22 28 28
0643_0045_0023_0028_0028.jpg 1 45 23 28 28
0644_0008_0041_0025_0025.jpg 1 8 41 25 25
0645_0022_0012_0055_0055.jpg 1 22 12 55 55
0646_0016_0031_0053_0053.jpg 1 16 31 53 53
0647_0016_0030_0030_0030.jpg 1 16 30 30 30
0648_0037_0021_0052_0052.jpg 1 37 21 52 52
0649_0003_0020_0064_0064.jpg 1 3 20 64 64
0650_0014_0042_0027_0027.jpg 1 14 42 27 27
0651_0063_0021_0027_0027.jpg 1 63 21 27 27
0652_0038_0028_0054_0054.jpg 1 38 28 54 54
0653_0019_0004_0063_0063.jpg 1 19 4 63 63
0654_0017_0016_0065_0065.jpg 1 17 16 65 65
0655_0026_0024_0047_0047.jpg 1 26 24 47 47
0656_0020_0026_0049_0049.jpg 1 20 26 49 49
0657_0006_0040_0041_0041.jpg 1 6 40 41 41
0658_0025_0030_0051_0051.jpg 1 25 30 51 51
0659_0030_0005_0066_0066.jpg 1 30 5 66 66
0660_0008_0034_0056_0056.jpg 1 8 34 56 56
0661_0014_0018_0053_0053.jpg 1 14 18 53 53
0662_0006_0019_0063_0063.jpg 1 6 19 63 63
0663_0013_0040_0032_0032.jpg 1 13 40 32 32
0664_0007_0021_0049_0049.jpg 1 7 21 49 49
0665_0013_0016_0069_0069.jpg 1 13 16 69 69
0666_0009_0018_0059_0059.jpg 1 9 18 59 59
0667_0040_0020_0039_0039.jpg 1 40 20 39 39
0668_0041_0032_0049_0049.jpg 1 41 32 49 49
0669_0021_0013_0060_0060.jpg 1 21 13 60 60
0670_0019_0006_0053_0053.jpg 1 19 6 53 53
0671_0044_0039_0035_0035.jpg 1 44 39 35 35
0672_0031_0047_0046_0046.jpg 1 31 47 46 46
0673_0029_0063_0029_0029.jpg 1 29 63 29 29
0674_0014_0005_0066_0066.jpg 1 14 5 66 66
0675_0028_0007_0061_0061.jpg 1 28 7 61 61
0676_0011_0026_0060_0060.jpg 1 11 26 60 60
0677_0032_0023_0053_0053.jpg 1 32 23 53 53
0678_0010_0007_0063_0063.jpg 1 10 7 63 63
0679_0018_0012_0069_0069.jpg 1 18 12 69 69
0680_0052_0023_0035_0035.jpg 1 52 23 35 35
0681_0010_0035_0038_0038.jpg 1 10 35 38 38
0682_0010_0015_0044_0044.jpg 1 10 15 44 44
0683_0022_0017_0065_0065.jpg 1 22 17 65 65
0684_0006_0025_0048_0048.jpg 1 6 25 48 48
0685_0043_0051_0036_0036.jpg 1 43 51 36 36
0686_0040_0016_0039_0039.jpg 1 40 16 39 39
0687_0026_0028_0055_0055.jpg 1 26 28 55 55
0688_0040_0038_0047_0047.jpg 1 40 38 47 47
0689_0016_0028_0027_0027.jpg 1 16 28 27 27
0690_0025_0015_0038_0038.jpg 1 25 15 38 38
0691_0026_0025_0035_0035.jpg 1 26 25 35 35
0692_0026_0037_0052_0052.jpg 1 26 37 52 52
0693_0013_0033_0055_0055.jpg 1 13 33 55 55
0694_0021_0022_0064_0064.jpg 1 21 22 64 64
0695_0005_0022_0053_0053.jpg 1 5 22 53 53
0696_0012_0019_0039_0039.jpg 1 12 19 39 39
0697_0032_0053_0038_0038.jpg 1 32 53 38 38
0698_0049_0011_0042_0042.jpg 1 49 11 42 42
0699_0031_0024_0052_0052.jpg 1 31 24 52 52
0700_0020_0027_0052_0052.jpg 1 20 27 52 52
0701_0021_0031_0028_0028.jpg 1 21 31 28 28
0702_0025_0015_0030_0030.jpg 1 25 15 30 30
0703_0015_0026_0027_0027.jpg 1 15 26 27 27
0704_0028_0030_0062_0062.jpg 1 28 30 62 62
0705_0024_0013_0067_0067.jpg 1 24 13 67 67
0706_0041_0022_0028_0028.jpg 1 41 22 28 28
0707_0017_0045_0040_0040.jpg 1 17 45 40 40
0708_0011_0026_0026_0026.jpg 1 11 26 26 26
0709_0019_0004_0063_0063.jpg 1 19 4 63 63
0710_0007_0044_0028_0028.jpg 1 7 44 28 28
0711_0005_0010_0063_0063.jpg 1 5 10 63 63
0712_0015_0029_0025_0025.jpg 1 15 29 25 25
0713_0021_0013_0057_0057.jpg 1 21 13 57 57
0714_0053_0039_0033_0033.jpg 1 53 39 33 33
0715_0006_0018_0067_0067.jpg 1 6 18 67 67
0716_0018_0013_0065_0065.jpg 1 18 13 65 65
0717_0031_0006_0064_0064.jpg 1 31 6 64 64
0718_0049_0032_0038_0038.jpg 1 49 32 38 38
0719_0044_0026_0043_0043.jpg 1 44 26 43 43
0720_0024_0015_0056_0056.jpg 1 24 15 56 56
0721_0006_0016_0056_0056.jpg 1 6 16 56 56
0722_0035_0013_0028_0028.jpg 1 35 13 28 28
0723_0047_0038_0044_0044.jpg 1 47 38 44 44
0724_0010_0021_0024_0024.jpg 1 10 21 24 24
0725_0021_0026_0034_0034.jpg 1 21 26 34 34
0726_0015_0011_0043_0043.jpg 1 15 11 43 43
0727_0031_0049_0034_0034.jpg 1 31 49 34 34
0728_0035_0005_0043_0043.jpg 1 35 5 43 43
0729_0018_0009_0067_0067.jpg 1 18 9 67 67
0730_0043_0052_0037_0037.jpg 1 43 52 37 37
0731_0012_0025_0033_0033.jpg 1 12 25 33 33
0732_0020_0044_0046_0046.jpg 1 20 44 46 46
0733_0013_0043_0052_0052.jpg 1 13 43 52 52
0734_0057_0049_0033_0033.jpg 1 57 49 33 33
0735_0066_0035_0024_0024.jpg 1 66 35 24 24
0736_0003_0012_0063_0063.jpg 1 3 12 63 63
0737_0018_0026_0069_0069.jpg 1 18 26 69 69
0738_0022_0025_0034_0034.jpg 1 22 25 34 34
0739_0025_0047_0034_0034.jpg 1 25 47 34 34
0740_0020_0021_0055_0055.jpg 1 20 21 55 55
0741_0047_0023_0045_0045.jpg 1 47 23 45 45
0742_0019_0031_0058_0058.jpg 1 19 31 58 58
0743_0046_0038_0032_0032.jpg 1 46 38 32 32
0744_0010_0037_0046_0046.jpg 1 10 37 46 46
0745_0028_0005_0062_0062.jpg 1 28 5 62 62
0746_0012_0012_0068_0068.jpg 1 12 12 68 68
0747_0031_0012_0053_0053.jpg 1 31 12 53 53
0748_0015_0036_0026_0026.jpg 1 15 36 26 26
0749_0024_0035_0057_0057.jpg 1 24 35 57 57
0750_0029_0044_0036_0036.jpg 1 29 44 36 36
0751_0017_0057_0028_0028.jpg 1 17 57 28 28
0752_0020_0045_0048_0048.jpg 1 20 45 48 48
0753_0029_0024_0039_0039.jpg 1 29 24 39 39
0754_0036_0025_0043_0043.jpg 1 36 25 43 43
0755_0014_0032_0033_0033.jpg 1 14 32 33 33
0756_0027_0026_0069_0069.jpg 1 27 26 69 69
0757_0010_0028_0047_0047.jpg 1 10 28 47 47
0758_0009_0010_0048_0048.jpg 1 9 10 48 48
0759_0011_0023_0069_0069.jpg 1 11 23 69 69
0760_0031_0029_0057_0057.jpg 1 31 29 57 57
0761_0033_0032_0055_0055.jpg 1 33 32 55 55
0762_0010_0034_0045_0045.jpg 1 10 34 45 45
0763_0041_0058_0024_0024.jpg 1 41 58 24 24
0764_0039_0056_0033_0033.jpg 1 39 56 33 33
0765_0031_0046_0040_0040.jpg 1 31 46 40 40
0766_0014_0016_0026_0026.jpg 1 14 16 26 26
0767_0059_0047_0028_0028.jpg 1 59 47 28 28
0768_0015_0034_0049_0049.jpg 1 15 34 49 49
0769_0003_0014_0067_0067.jpg 1 3 14 67 67
0770_0036_0024_0053_0053.jpg 1 36 24 53 53
0771_0011_0049_0034_0034.jpg 1 11 49 34 34
0772_0031_0029_0049_0049.jpg 1 31 29 49 49
0773_0014_0030_0049_0049.jpg 1 14 30 49 49
0774_0048_0024_0028_0028.jpg 1 48 24 28 28
0775_0008_0007_0048_0048.jpg 1 8 7 48 48
0776_0015_0032_0054_0054.jpg 1 15 32 54 54
0777_0023_0030_0052_0052.jpg 1 23 30 52 52
0778_0019_0022_0039_0039.jpg 1 19 22 39 39
0779_0031_0020_0059_0059.jpg 1 31 20 59 59
0780_0026_0007_0037_0037.jpg 1 26 7 37 37
0781_0041_0024_0046_0046.jpg 1 41 24 46 46
0782_0021_0017_0060_0060.jpg 1 21 17 60 60
0783_0010_0020_0064_0064.jpg 1 10 20 64 64
0784_0009_0018_0061_0061.jpg 1 9 18 61 61
0785_0032_0028_0063_0063.jpg 1 32 28 63 63
0786_0025_0034_0048_0048.jpg 1 25 34 48 48
0787_0027_0030_0036_0036.jpg 1 27 30 36 36
0788_0015_0022_0026_0026.jpg 1 15 22 26 26
0789_0005_0015_0065_0065.jpg 1 5 15 65 65
0790_0018_0024_0049_0049.jpg 1 18 24 49 49
0791_0009_0016_0067_0067.jpg 1 9 16 67 67
0792_0036_0028_0039_0039.jpg 1 36 28 39 39
0793_0044_0024_0041_0041.jpg 1 44 24 41 41
0794_0041_0008_0047_0047.jpg 1 41 8 47 47
0795_0023_0038_0034_0034.jpg 1 23 38 34 34
0796_0030_0052_0032_0032.jpg 1 30 52 32 32
0797_0045_0012_0046_0046.jpg 1 45 12 46 46
0798_0042_0052_0030_0030.jpg 1 42 52 30 30
0799_0021_0028_0068_0068.jpg 1 21 28 68 68
0800_0030_0043_0036_0036.jpg 1 30 43 36 36
0801_0030_0032_0061_0061.jpg 1 30 32 61 61
0802_0018_0038_0036_0036.jpg 1 18 38 36 36
0803_0034_0019_0061_0061.jpg 1 34 19 61 61
0804_0014_0038_0040_0040.jpg 1 14 38 40 40
0805_0019_0040_0048_0048.jpg 1 19 40 48 48
0806_0022_0031_0057_0057.jpg 1 22 31 57 57
0807_0034_0041_0053_0053.jpg 1 34 41 53 53
0808_0034_0004_0057_0057.jpg 1 34 4 57 57
0809_0022_0014_0063_0063.jpg 1 22 14 63 63
0810_0019_0030_0061_0061.jpg 1 19 30 61 61
0811_0010_0014_0031_0031.jpg 1 10 14 31 31
0812_0033_0017_0053_0053.jpg 1 33 17 53 53
0813_0024_0032_0030_0030.jpg 1 24 32 30 30
0814_0026_0018_0068_0068.jpg 1 26 18 68 68
0815_0008_0015_0063_0063.jpg 1 8 15 63 63
0816_0011_0024_0057_0057.jpg 1 11 24 57 57
0817_0009_0012_0038_0038.jpg 1 9 12 38 38
0818_0014_0009_0060_0060.jpg 1 14 9 60 60
0819_0026_0026_0069_0069.jpg 1 26 26 69 69
0820_0010_0012_0039_0039.jpg 1 10 12 39 39
0821_0015_0018_0046_0046.jpg 1 15 18 46 46
0822_0020_0030_0062_0062.jpg 1 20 30 62 62
0823_0023_0017_0043_0043.jpg 1 23 17 43 43
0824_0012_0029_0062_0062.jpg 1 12 29 62 62
0825_0029_0007_0063_0063.jpg 1 29 7 63 63
0826_0012_0017_0039_0039.jpg 1 12 17 39 39
0827_0027_0012_0069_0069.jpg 1 27 12 69 69
0828_0047_0043_0027_0027.jpg 1 47 43 27 27
0829_0011_0015_0039_0039.jpg 1 11 15 39 39
0830_0033_0012_0052_0052.jpg 1 33 12 52 52
0831_0011_0036_0052_0052.jpg 1 11 36 52 52
0832_0035_0017_0030_0030.jpg 1 35 17 30 30
0833_0016_0043_0024_0024.jpg 1 16 43 24 24
0834_0016_0037_0053_0053.jpg 1 16 37 53 53
0835_0033_0018_0049_0049.jpg 1 33 18 49 49
0836_0034_0044_0032_0032.jpg 1 34 44 32 32
0837_0007_0020_0064_0064.jpg 1 7 20 64 64
0838_0012_0038_0047_0047.jpg 1 12 38 47 47
0839_0035_0014_0032_0032.jpg 1 35 14 32 32
0840_0025_0016_0024_0024.jpg 1 25 16 24 24
0841_0020_0027_0065_0065.jpg 1 20 27 65 65
0842_0027_0014_0050_0050.jpg 1 27 14 50 50
0843_0006_0007_0067_0067.jpg 1 6 7 67 67
0844_0006_0035_0055_0055.jpg 1 6 35 55 55
0845_0006_0022_0046_0046.jpg 1 6 22 46 46
0846_0011_0017_0045_0045.jpg 1 11 17 45 45
0847_0007_0011_0028_0028.jpg 1 7 11 28 28
0848_0059_0035_0030_0030.jpg 1 59 35 30 30
0849_0048_0031_0041_0041.jpg 1 48 31 41 41
0850_0037_0035_0052_0052.jpg 1 37 35 52 52
0851_0025_0015_0069_0069.jpg 1 25 15 69 69
0852_0040_0050_0035_0035.jpg 1 40 50 35 35
0853_0020_0013_0054_0054.jpg 1 20 13 54 54
0854_0031_0010_0065_0065.jpg 1 31 10 65 65
0855_0006_0009_0059_0059.jpg 1 6 9 59 59
0856_0029_0027_0065_0065.jpg 1 29 27 65 65
0857_0054_0038_0033_0033.jpg 1 54 38 33 33
0858_0010_0030_0039_0039.jpg 1 10 30 39 39
0859_0014_0007_0059_0059.jpg 1 14 7 59 59
0860_0006_0027_0045_0045.jpg 1 6 27 45 45
0861_0044_0016_0049_0049.jpg 1 44 16 49 49
0862_0033_0036_0053_0053.jpg 1 33 36 53 53
0863_0023_0005_0067_0067.jpg 1 23 5 67 67
0864_0010_0031_0065_0065.jpg 1 10 31 65 65
0865_0026_0008_0066_0066.jpg 1 26 8 66 66
0866_0030_0023_0031_0031.jpg 1 30 23 31 31
0867_0005_0034_0060_0060.jpg 1 5 34 60 60
0868_0024_0015_0033_0033.jpg 1 24 15 33 33
0869_0025_0057_0036_0036.jpg 1 25 57 36 36
0870_0015_0029_0033_0033.jpg 1 15 29 33 33
0871_0053_0041_0030_0030.jpg 1 53 41 30 30
0872_0011_0021_0053_0053.jpg 1 11 21 53 53
0873_0026_0014_0060_0060.jpg 1 26 14 60 60
0874_0025_0027_0065_0065.jpg 1 25 27 65 65
0875_0030_0033_0062_0062.jpg 1 30 33 62 62
0876_0030_0023_0039_0039.jpg 1 30 23 39 39
0877_0036_0017_0058_0058.jpg 1 36 17 58 58
0878_0036_0033_0051_0051.jpg 1 36 33 51 51
0879_0040_0034_0048_0048.jpg 1 40 34 48 48
0880_0015_0033_0050_0050.jpg 1 15 33 50 50
0881_0060_0010_0032_0032.jpg 1 60 10 32 32
0882_0015_0004_0062_0062.jpg 1 15 4 62 62
0883_0010_0039_0034_0034.jpg 1 10 39 34 34
0884_0038_0005_0055_0055.jpg 1 38 5 55 55
0885_0041_0062_0025_0025.jpg 1 41 62 25 25
0886_0050_0049_0042_0042.jpg 1 50 49 42 42
0887_0038_0056_0029_0029.jpg 1 38 56 29 29
0888_0020_0056_0035_0035.jpg 1 20 56 35 35
0889_0016_0040_0026_0026.jpg 1 16 40 26 26
0890_0015_0023_0057_0057.jpg 1 15 23 57 57
0891_0008_0022_0066_0066.jpg 1 8 22 66 66
0892_0028_0007_0065_0065.jpg 1 28 7 65 65
0893_0039_0007_0031_0031.jpg 1 39 7 31 31
0894_0011_0029_0059_0059.jpg 1 11 29 59 59
0895_0032_0026_0043_0043.jpg 1 32 26 43 43
0896_0026_0040_0025_0025.jpg 1 26 40 25 25
0897_0004_0015_0058_0058.jpg 1 4 15 58 58
0898_0022_0010_0058_0058.jpg 1 22 10 58 58
0899_0045_0037_0028_0028.jpg 1 45 37 28 28
0900_0062_0038_0029_0029.jpg 1 62 38 29 29
0901_0014_0018_0069_0069.jpg 1 14 18 69 69
0902_0044_0022_0048_0048.jpg 1 44 22 48 48
0903_0012_0013_0038_0038.jpg 1 12 13 38 38
0904_0011_0055_0033_0033.jpg 1 11 55 33 33
0905_0020_0030_0036_0036.jpg 1 20 30 36 36
0906_0052_0032_0042_0042.jpg 1 52 32 42 42
0907_0034_0011_0058_0058.jpg 1 34 11 58 58
0908_0005_0019_0048_0048.jpg 1 5 19 48 48
0909_0031_0042_0051_0051.jpg 1 31 42 51 51
0910_0037_0019_0032_0032.jpg 1 37 19 32 32
0911_0020_0018_0046_0046.jpg 1 20 18 46 46
0912_0013_0023_0058_0058.jpg 1 13 23 58 58
0913_0015_0063_0027_0027.jpg 1 15 63 27 27
0914_0008_0009_0060_0060.jpg 1 8 9 60 60
0915_0008_0033_0062_0062.jpg 1 8 33 62 62
0916_0031_0028_0059_0059.jpg 1 31 28 59 59
0917_0036_0025_0047_0047.jpg 1 36 25 47 47
0918_0020_0025_0051_0051.jpg 1 20 25 51 51
0919_0004_0029_0056_0056.jpg 1 4 29 56 56
0920_0018_0023_0046_0046.jpg 1 18 23 46 46
0921_0027_0010_0066_0066.jpg 1 27 10 66 66
0922_0026_0008_0036_0036.jpg 1 26 8 36 36
0923_0021_0016_0057_0057.jpg 1 21 16 57 57
0924_0006_0036_0045_0045.jpg 1 6 36 45 45
0925_0043_0008_0030_0030.jpg 1 43 8 30 30
0926_0010_0032_0033_0033.jpg 1 10 32 33 33
0927_0021_0008_0069_0069.jpg 1 21 8 69 69
0928_0030_0020_0055_0055.jpg 1 30 20 55 55
0929_0040_0036_0038_0038.jpg 1 40 36 38 38
0930_0047_0059_0030_0030.jpg 1 47 59 30 30
0931_0037_0060_0032_0032.jpg 1 37 60 32 32
0932_0032_0029_0049_0049.jpg 1 32 29 49 49
0933_0039_0041_0048_0048.jpg 1 39 41 48 48
0934_0020_0040_0036_0036.jpg 1 20 40 36 36
0935_0052_0010_0034_0034.jpg 1 52 10 34 34
0936_0016_0030_0046_0046.jpg 1 16 30 46 46
0937_0046_0025_0028_0028.jpg 1 46 25 28 28
0938_0020_0018_0058_0058.jpg 1 20 18 58 58
0939_0054_0049_0025_0025.jpg 1 54 49 25 25
0940_0028_0034_0054_0054.jpg 1 28 34 54 54
0941_0013_0027_0043_0043.jpg 1 13 27 43 43
0942_0041_0017_0050_0050.jpg 1 41 17 50 50
0943_0010_0026_0059_0059.jpg 1 10 26 59 59
0944_0007_0033_0061_0061.jpg 1 7 33 61 61
0945_0032_0017_0044_0044.jpg 1 32 17 44 44
0946_0035_0029_0053_0053.jpg 1 35 29 53 53
0947_0010_0030_0043_0043.jpg 1 10 30 43 43
0948_0041_0031_0031_0031.jpg 1 41 31 31 31
0949_0032_0035_0053_0053.jpg 1 32 35 53 53
0950_0039_0020_0043_0043.jpg 1 39 20 43 43
0951_0006_0017_0053_0053.jpg 1 6 17 53 53
0952_0047_0033_0042_0042.jpg 1 47 33 42 42
0953_0008_0008_0047_0047.jpg 1 8 8 47 47
0954_0020_0028_0062_0062.jpg 1 20 28 62 62
0955_0037_0044_0035_0035.jpg 1 37 44 35 35
0956_0014_0057_0029_0029.jpg 1 14 57 29 29
0957_0033_0049_0033_0033.jpg 1 33 49 33 33
0958_0036_0009_0039_0039.jpg 1 36 9 39 39
0959_0038_0038_0024_0024.jpg 1 38 38 24 24
0960_0005_0005_0069_0069.jpg 1 5 5 69 69
0961_0018_0013_0068_0068.jpg 1 18 13 68 68
0962_0048_0052_0028_0028.jpg 1 48 52 28 28
0963_0025_0010_0036_0036.jpg 1 25 10 36 36
0964_0007_0022_0064_0064.jpg 1 7 22 64 64
0965_0059_0044_0033_0033.jpg 1 59 44 33 33
0966_0028_0027_0038_0038.jpg 1 28 27 38 38
0967_0015_0040_0045_0045.jpg 1 15 40 45 45
0968_0051_0018_0037_0037.jpg 1 51 18 37 37
0969_0016_0026_0062_0062.jpg 1 16 26 62 62
0970_0009_0005_0054_0054.jpg 1 9 5 54 54
0971_0061_0010_0027_0027.jpg 1 61 10 27 27
0972_0045_0031_0036_0036.jpg 1 45 31 36 36
0973_0062_0026_0025_0025.jpg 1 62 26 25 25
0974_0046_0021_0036_0036.jpg 1 46 21 36 36
0975_0034_0034_0054_0054.jpg 1 34 34 54 54
0976_0032_0015_0042_0042.jpg 1 32 15 42 42
0977_0036_0013_0058_0058.jpg 1 36 13 58 58
0978_0032_0045_0031_0031.jpg 1 32 45 31 31
0979_0012_0011_0046_0046.jpg 1 12 11 46 46
0980_0035_0029_0059_0059.jpg 1 35 29 59 59
0981_0031_0007_0057_0057.jpg 1 31 7 57 57
0982_0024_0034_0045_0045.jpg 1 24 34 45 45
0983_0007_0006_0048_0048.jpg 1 7 6 48 48
0984_0015_0038_0031_0031.jpg 1 15 38 31 31
0985_0024_0008_0043_0043.jpg 1 24 8 43 43
0986_0025_0025_0069_0069.jpg 1 25 25 69 69
0987_0014_0019_0069_0069.jpg 1 14 19 69 69
0988_0010_0013_0065_0065.jpg 1 10 13 65 65
0989_0051_0040_0030_0030.jpg 1 51 40 30 30
0990_0024_0014_0040_0040.jpg 1 24 14 40 40
0991_0026_0029_0062_0062.jpg 1 26 29 62 62
0992_0046_0050_0043_0043.jpg 1 46 50 43 43
0993_0004_0030_0058_0058.jpg 1 4 30 58 58
0994_0009_0014_0049_0049.jpg 1 9 14 49 49
0995_0037_0007_0031_0031.jpg 1 37 7 31 31
0996_0038_0011_0054_0054.jpg 1 38 11 54 54
0997_0031_0063_0028_0028.jpg 1 31 63 28 28
0998_0015_0044_0048_0048.jpg 1 15 44 48 48
0999_0021_0052_0026_0026.jpg 1 21 52 26 26
1000_0023_0024_0058_0058.jpg 1 23 24 58 58
1001_0016_0026_0061_0061.jpg 1 16 26 61 61
1002_0039_0031_0034_0034.jpg 1 39 31 34 34
1003_0020_0025_0041_0041.jpg 1 20 25 41 41
1004_0066_0050_0025_0025.jpg 1 66 50 25 25
1005_0027_0026_0067_0067.jpg 1 27 26 67 67
1006_0043_0035_0048_0048.jpg 1 43 35 48 48
1007_0042_0034_0044_0044.jpg 1 42 34 44 44
1008_0047_0047_0035_0035.jpg 1 47 47 35 35
1009_0006_0024_0057_0057.jpg 1 6 24 57 57
1010_0007_0013_0065_0065.jpg 1 7 13 65 65
1011_0040_0023_0045_0045.jpg 1 40 23 45 45
1012_0032_0056_0030_0030.jpg 1 32 56 30 30
1013_0041_0037_0034_0034.jpg 1 41 37 34 34
1014_0043_0033_0037_0037.jpg 1 43 33 37 37
1015_0015_0008_0055_0055.jpg 1 15 8 55 55
1016_0028_0025_0041_0041.jpg 1 28 25 41 41
1017_0015_0019_0056_0056.jpg 1 15 19 56 56
1018_0026_0038_0049_0049.jpg 1 26 38 49 49
1019_0016_0038_0032_0032.jpg 1 16 38 32 32
1020_0054_0015_0039_0039.jpg 1 54 15 39 39
1021_0048_0055_0029_0029.jpg 1 48 55 29 29
1022_0027_0008_0047_0047.jpg 1 27 8 47 47
1023_0037_0011_0032_0032.jpg 1 37 11 32 32
1024_0026_0031_0024_0024.jpg 1 26 31 24 24
1025_0026_0015_0041_0041.jpg 1 26 15 41 41
1026_0013_0028_0066_0066.jpg 1 13 28 66 66
1027_0007_0034_0050_0050.jpg 1 7 34 50 50
1028_0042_0023_0031_0031.jpg 1 42 23 31 31
1029_0036_0015_0057_0057.jpg 1 36 15 57 57
1030_0010_0033_0044_0044.jpg 1 10 33 44 44
1031_0040_0048_0030_0030.jpg 1 40 48 30 30
1032_0030_0022_0064_0064.jpg 1 30 22 64 64
1033_0020_0016_0069_0069.jpg 1 20 16 69 69
1034_0007_0034_0061_0061.jpg 1 7 34 61 61
1035_0024_0030_0032_0032.jpg 1 24 30 32 32
1036_0010_0005_0049_0049.jpg 1 10 5 49 49
1037_0019_0042_0029_0029.jpg 1 19 42 29 29
1038_0019_0042_0034_0034.jpg 1 19 42 34 34
1039_0028_0035_0047_0047.jpg 1 28 35 47 47
1040_0016_0024_0066_0066.jpg 1 16 24 66 66
1041_0052_0044_0034_0034.jpg 1 52 44 34 34
1042_0015_0005_0061_0061.jpg 1 15 5 61 61
1043_0014_0026_0062_0062.jpg 1 14 26 62 62
1044_0039_0030_0056_0056.jpg 1 39 30 56 56
1045_0006_0011_0059_0059.jpg 1 6 11 59 59
1046_0031_0010_0047_0047.jpg 1 31 10 47 47
1047_0010_0013_0041_0041.jpg 1 10 13 41 41
1048_0007_0015_0039_0039.jpg 1 7 15 39 39
1049_0032_0026_0056_0056.jpg 1 32 26 56 56
1050_0029_0027_0058_0058.jpg 1 29 27 58 58
1051_0014_0027_0068_0068.jpg 1 14 27 68 68
1052_0011_0014_0066_0066.jpg 1 11 14 66 66
1053_0027_0041_0032_0032.jpg 1 27 41 32 32
1054_0013_0029_0055_0055.jpg 1 13 29 55 55
1055_0064_0048_0027_0027.jpg 1 64 48 27 27
1056_0033_0013_0060_0060.jpg 1 33 13 60 60
1057_0052_0052_0028_0028.jpg 1 52 52 28 28
1058_0010_0014_0043_0043.jpg 1 10 14 43 43
1059_0007_0037_0051_0051.jpg 1 7 37 51 51
1060_0010_0046_0039_0039.jpg 1 10 46 39 39
1061_0040_0032_0051_0051.jpg 1 40 32 51 51
1062_0028_0029_0054_0054.jpg 1 28 29 54 54
1063_0022_0026_0027_0027.jpg 1 22 26 27 27
1064_0008_0012_0064_0064.jpg 1 8 12 64 64
1065_0035_0030_0037_0037.jpg 1 35 30 37 37
1066_0016_0006_0064_0064.jpg 1 16 6 64 64
1067_0017_0014_0061_0061.jpg 1 17 14 61 61
1068_0046_0010_0039_0039.jpg 1 46 10 39 39
1069_0035_0044_0038_0038.jpg 1 35 44 38 38
1070_0020_0019_0055_0055.jpg 1 20 19 55 55
1071_0039_0034_0049_0049.jpg 1 39 34 49 49
1072_0003_0022_0067_0067.jpg 1 3 22 67 67
1073_0012_0031_0040_0040.jpg 1 12 31 40 40
1074_0035_0041_0025_0025.jpg 1 35 41 25 25
1075_0041_0007_0048_0048.jpg 1 41 7 48 48
1076_0006_0033_0055_0055.jpg 1 6 33 55 55
1077_0016_0028_0026_0026.jpg 1 16 28 26 26
1078_0011_0016_0037_0037.jpg 1 11 16 37 37
1079_0045_0009_0049_0049.jpg 1 45 9 49 49
1080_0034_0009_0049_0049.jpg 1 34 9 49 49
1081_0026_0018_0030_0030.jpg 1 26 18 30 30
1082_0039_0022_0032_0032.jpg 1 39 22 32 32
1083_0006_0006_0064_0064.jpg 1 6 6 64 64
1084_0033_0016_0057_0057.jpg 1 33 16 57 57
1085_0051_0013_0042_0042.jpg 1 51 13 42 42
1086_0004_0005_0068_0068.jpg 1 4 5 68 68
1087_0052_0013_0037_0037.jpg 1 52 13 37 37
1088_0035_0025_0059_0059.jpg 1 35 25 59 59
1089_0015_0017_0057_0057.jpg 1 15 17 57 57
1090_0006_0023_0062_0062.jpg 1 6 23 62 62
1091_0018_0025_0062_0062.jpg 1 18 25 62 62
1092_0031_0010_0041_0041.jpg 1 31 10 41 41
1093_0040_0040_0047_0047.jpg 1 40 40 47 47
1094_0046_0042_0034_0034.jpg 1 46 42 34 34
1095_0009_0044_0049_0049.jpg 1 9 44 49 49
1096_0014_0015_0037_0037.jpg 1 14 15 37 37
1097_0038_0036_0045_0045.jpg 1 38 36 45 45
1098_0026_0016_0052_0052.jpg 1 26 16 52 52
1099_0031_0017_0039_0039.jpg 1 31 17 39 39
1100_0006_0022_0054_0054.jpg 1 6 22 54 54
1101_0024_0050_0033_0033.jpg 1 24 50 33 33
1102_0029_0016_0046_0046.jpg 1 29 16 46 46
1103_0028_0028_0055_0055.jpg 1 28 28 55 55
1104_0012_0011_0063_0063.jpg 1 12 11 63 63
1105_0047_0007_0030_0030.jpg 1 47 7 30 30
1106_0035_0031_0042_0042.jpg 1 35 31 42 42
1107_0038_0027_0051_0051.jpg 1 38 27 51 51
1108_0024_0016_0059_0059.jpg 1 24 16 59 59
1109_0014_0044_0027_0027.jpg 1 14 44 27 27
1110_0021_0032_0061_0061.jpg 1 21 32 61 61
1111_0003_0014_0068_0068.jpg 1 3 14 68 68
1112_0039_0008_0041_0041.jpg 1 39 8 41 41
1113_0048_0015_0032_0032.jpg 1 48 15 32 32
1114_0037_0045_0046_0046.jpg 1 37 45 46 46
1115_0027_0031_0061_0061.jpg 1 27 31 61 61
1116_0025_0029_0045_0045.jpg 1 25 29 45 45
1117_0019_0030_0042_0042.jpg 1 19 30 42 42
1118_0031_0024_0062_0062.jpg 1 31 24 62 62
1119_0024_0022_0039_0039.jpg 1 24 22 39 39
1120_0032_0044_0030_0030.jpg 1 32 44 30 30
1121_0037_0043_0038_0038.jpg 1 37 43 38 38
1122_0034_0022_0051_0051.jpg 1 34 22 51 51
1123_0057_0010_0030_0030.jpg 1 57 10 30 30
1124_0014_0047_0046_0046.jpg 1 14 47 46 46
1125_0024_0018_0065_0065.jpg 1 24 18 65 65
1126_0034_0036_0051_0051.jpg 1 34 36 51 51
1127_0013_0026_0063_0063.jpg 1 13 26 63 63
1128_0012_0031_0058_0058.jpg 1 12 31 58 58
1129_0007_0015_0068_0068.jpg 1 7 15 68 68
1130_0011_0015_0061_0061.jpg 1 11 15 61 61
1131_0034_0053_0028_0028.jpg 1 34 53 28 28
1132_0038_0050_0032_0032.jpg 1 38 50 32 32
1133_0008_0013_0062_0062.jpg 1 8 13 62 62
1134_0046_0049_0039_0039.jpg 1 46 49 39 39
1135_0022_0033_0040_0040.jpg 1 22 33 40 40
1136_0016_0023_0025_0025.jpg 1 16 23 25 25
1137_0036_0026_0031_0031.jpg 1 36 26 31 31
1138_0037_0040_0051_0051.jpg 1 37 40 51 51
1139_0010_0023_0055_0055.jpg 1 10 23 55 55
1140_0036_0034_0056_0056.jpg 1 36 34 56 56
1141_0027_0027_0063_0063.jpg 1 27 27 63 63
1142_0043_0014_0048_0048.jpg 1 43 14 48 48
1143_0021_0021_0041_0041.jpg 1 21 21 41 41
1144_0012_0031_0051_0051.jpg 1 12 31 51 51
1145_0006_0031_0065_0065.jpg 1 6 31 65 65
1146_0037_0047_0042_0042.jpg 1 37 47 42 42
1147_0043_0026_0040_0040.jpg 1 43 26 40 40
1148_0014_0032_0058_0058.jpg 1 14 32 58 58
1149_0042_0026_0030_0030.jpg 1 42 26 30 30
1150_0007_0049_0044_0044.jpg 1 7 49 44 44
1151_0036_0010_0056_0056.jpg 1 36 10 56 56
1152_0047_0044_0037_0037.jpg 1 47 44 37 37
1153_0016_0008_0038_0038.jpg 1 16 8 38 38
1154_0004_0029_0065_0065.jpg 1 4 29 65 65
1155_0021_0024_0065_0065.jpg 1 21 24 65 65
1156_0008_0031_0064_0064.jpg 1 8 31 64 64
1157_0016_0007_0046_0046.jpg 1 16 7 46 46
1158_0014_0047_0040_0040.jpg 1 14 47 40 40
1159_0031_0005_0060_0060.jpg 1 31 5 60 60
1160_0021_0008_0068_0068.jpg 1 21 8 68 68
1161_0025_0004_0067_0067.jpg 1 25 4 67 67
1162_0029_0058_0027_0027.jpg 1 29 58 27 27
1163_0011_0007_0061_0061.jpg 1 11 7 61 61
1164_0030_0037_0056_0056.jpg 1 30 37 56 56
1165_0025_0029_0057_0057.jpg 1 25 29 57 57
1166_0013_0035_0043_0043.jpg 1 13 35 43 43
1167_0028_0009_0068_0068.jpg 1 28 9 68 68
1168_0010_0032_0025_0025.jpg 1 10 32 25 25
1169_0036_0029_0059_0059.jpg 1 36 29 59 59
1170_0062_0062_0028_0028.jpg 1 62 62 28 28
1171_0023_0005_0051_0051.jpg 1 23 5 51 51
1172_0058_0048_0028_0028.jpg 1 58 48 28 28
1173_0021_0039_0039_0039.jpg 1 21 39 39 39
1174_0033_0039_0048_0048.jpg 1 33 39 48 48
1175_0030_0024_0038_0038.jpg 1 30 24 38 38
1176_0057_0040_0035_0035.jpg 1 57 40 35 35
1177_0011_0019_0050_0050.jpg 1 11 19 50 50
1178_0043_0015_0031_0031.jpg 1 43 15 31 31
1179_0022_0009_0025_0025.jpg 1 22 9 25 25
1180_0020_0035_0059_0059.jpg 1 20 35 59 59
1181_0047_0051_0033_0033.jpg 1 47 51 33 33
1182_0028_0021_0054_0054.jpg 1 28 21 54 54
1183_0033_0006_0053_0053.jpg 1 33 6 53 53
1184_0023_0041_0045_0045.jpg 1 23 41 45 45
1185_0011_0043_0052_0052.jpg 1 11 43 52 52
1186_0042_0053_0037_0037.jpg 1 42 53 37 37
1187_0011_0016_0048_0048.jpg 1 11 16 48 48
1188_0030_0022_0026_0026.jpg 1 30 22 26 26
1189_0012_0008_0067_0067.jpg 1 12 8 67 67
1190_0009_0007_0065_0065.jpg 1 9 7 65 65
1191_0024_0027_0067_0067.jpg 1 24 27 67 67
1192_0035_0035_0057_0057.jpg 1 35 35 57 57
1193_0028_0025_0042_0042.jpg 1 28 25 42 42
1194_0040_0010_0054_0054.jpg 1 40 10 54 54
1195_0055_0011_0031_0031.jpg 1 55 11 31 31
1196_0018_0011_0041_0041.jpg 1 18 11 41 41
1197_0013_0007_0066_0066.jpg 1 13 7 66 66
1198_0035_0058_0034_0034.jpg 1 35 58 34 34
1199_0006_0018_0054_0054.jpg 1 6 18 54 54
1200_0037_0025_0058_0058.jpg 1 37 25 58 58
1201_0026_0026_0046_0046.jpg 1 26 26 46 46
1202_0037_0031_0034_0034.jpg 1 37 31 34 34
1203_0043_0011_0041_0041.jpg 1 43 11 41 41
1204_0016_0014_0064_0064.jpg 1 16 14 64 64
1205_0029_0045_0045_0045.jpg 1 29 45 45 45
1206_0027_0030_0051_0051.jpg 1 27 30 51 51
1207_0007_0022_0037_0037.jpg 1 7 22 37 37
1208_0031_0009_0049_0049.jpg 1 31 9 49 49
1209_0008_0044_0029_0029.jpg 1 8 44 29 29
1210_0031_0050_0038_0038.jpg 1 31 50 38 38
1211_0012_0022_0056_0056.jpg 1 12 22 56 56
1212_0013_0036_0049_0049.jpg 1 13 36 49 49
1213_0030_0008_0064_0064.jpg 1 30 8 64 64
1214_0025_0032_0058_0058.jpg 1 25 32 58 58
1215_0006_0043_0036_0036.jpg 1 6 43 36 36
1216_0007_0035_0048_0048.jpg 1 7 35 48 48
1217_0038_0009_0031_0031.jpg 1 38 9 31 31
1218_0015_0033_0029_0029.jpg 1 15 33 29 29
1219_0026_0019_0034_0034.jpg 1 26 19 34 34
1220_0005_0021_0064_0064.jpg 1 5 21 64 64
1221_0030_0017_0044_0044.jpg 1 30 17 44 44
1222_0024_0009_0037_0037.jpg 1 24 9 37 37
1223_0015_0053_0039_0039.jpg 1 15 53 39 39
1224_0005_0038_0056_0056.jpg 1 5 38 56 56
1225_0027_0031_0058_0058.jpg 1 27 31 58 58
1226_0009_0013_0039_0039.jpg 1 9 13 39 39
1227_0011_0030_0042_0042.jpg 1 11 30 42 42
1228_0028_0008_0038_0038.jpg 1 28 8 38 38
1229_0041_0051_0027_0027.jpg 1 41 51 27 27
1230_0028_0025_0063_0063.jpg 1 28 25 63 63
1231_0009_0032_0056_0056.jpg 1 9 32 56 56
1232_0042_0011_0037_0037.jpg 1 42 11 37 37
1233_0026_0007_0063_0063.jpg 1 26 7 63 63
1234_0015_0022_0033_0033.jpg 1 15 22 33 33
1235_0009_0022_0049_0049.jpg 1 9 22 49 49
1236_0041_0007_0040_0040.jpg 1 41 7 40 40
1237_0012_0041_0039_0039.jpg 1 12 41 39 39
1238_0037_0024_0048_0048.jpg 1 37 24 48 48
1239_0021_0041_0046_0046.jpg 1 21 41 46 46
1240_0035_0015_0051_0051.jpg 1 35 15 51 51
1241_0031_0009_0046_0046.jpg 1 31 9 46 46
1242_0008_0024_0068_0068.jpg 1 8 24 68 68
1243_0032_0008_0041_0041.jpg 1 32 8 41 41
1244_0006_0016_0067_0067.jpg 1 6 16 67 67
1245_0016_0019_0055_0055.jpg 1 16 19 55 55
1246_0056_0031_0036_0036.jpg 1 56 31 36 36
1247_0012_0057_0033_0033.jpg 1 12 57 33 33
1248_0066_0031_0026_0026.jpg 1 66 31 26 26
1249_0022_0013_0046_0046.jpg 1 22 13 46 46
1250_0018_0041_0049_0049.jpg 1 18 41 49 49
1251_0050_0021_0034_0034.jpg 1 50 21 34 34
1252_0033_0004_0060_0060.jpg 1 33 4 60 60
1253_0011_0023_0040_0040.jpg 1 11 23 40 40
1254_0007_0057_0029_0029.jpg 1 7 57 29 29
1255_0009_0028_0045_0045.jpg 1 9 28 45 45
1256_0019_0016_0040_0040.jpg 1 19 16 40 40
1257_0016_0042_0031_0031.jpg 1 16 42 31 31
1258_0016_0022_0067_0067.jpg 1 16 22 67 67
1259_0013_0020_0069_0069.jpg 1 13 20 69 69
1260_0053_0009_0031_0031.jpg 1 53 9 31 31
1261_0023_0025_0058_0058.jpg 1 23 25 58 58
1262_0058_0020_0031_0031.jpg 1 58 20 31 31
1263_0041_0036_0037_0037.jpg 1 41 36 37 37
1264_0007_0013_0038_0038.jpg 1 7 13 38 38
1265_0028_0024_0066_0066.jpg 1 28 24 66 66
1266_0054_0055_0033_0033.jpg 1 54 55 33 33
1267_0036_0016_0051_0051.jpg 1 36 16 51 51
1268_0020_0021_0065_0065.jpg 1 20 21 65 65
1269_0029_0022_0048_0048.jpg 1 29 22 48 48
1270_0011_0028_0053_0053.jpg 1 11 28 53 53
1271_0007_0043_0031_0031.jpg 1 7 43 31 31
1272_0066_0044_0026_0026.jpg 1 66 44 26 26
1273_0029_0039_0035_0035.jpg 1 29 39 35 35
1274_0053_0033_0028_0028.jpg 1 53 33 28 28
1275_0022_0009_0036_0036.jpg 1 22 9 36 36
1276_0043_0053_0033_0033.jpg 1 43 53 33 33
1277_0015_0044_0047_0047.jpg 1 15 44 47 47
1278_0036_0021_0037_0037.jpg 1 36 21 37 37
1279_0018_0029_0033_0033.jpg 1 18 29 33 33
1280_0005_0017_0069_0069.jpg 1 5 17 69 69
1281_0005_0033_0058_0058.jpg 1 5 33 58 58
1282_0029_0007_0063_0063.jpg 1 29 7 63 63
1283_0037_0023_0037_0037.jpg 1 37 23 37 37
1284_0037_0006_0057_0057.jpg 1 37 6 57 57
1285_0048_0059_0025_0025.jpg 1 48 59 25 25
1286_0038_0010_0056_0056.jpg 1 38 10 56 56
1287_0022_0014_0046_0046.jpg 1 22 14 46 46
1288_0015_0018_0045_0045.jpg 1 15 18 45 45
1289_0023_0032_0025_0025.jpg 1 23 32 25 25
1290_0013_0018_0044_0044.jpg 1 13 18 44 44
1291_0016_0010_0058_0058.jpg 1 16 10 58 58
1292_0034_0040_0045_0045.jpg 1 34 40 45 45
1293_0030_0013_0051_0051.jpg 1 30 13 51 51
1294_0007_0007_0063_0063.jpg 1 7 7 63 63
1295_0028_0062_0024_0024.jpg 1 28 62 24 24
1296_0024_0047_0039_0039.jpg 1 24 47 39 39
1297_0008_0055_0035_0035.jpg 1 8 55 35 35
1298_0053_0049_0037_0037.jpg 1 53 49 37 37
1299_0049_0041_0037_0037.jpg 1 49 41 37 37
1300_0006_0014_0052_0052.jpg 1 6 14 52 52
1301_0024_0035_0032_0032.jpg 1 24 35 32 32
1302_0010_0005_0051_0051.jpg 1 10 5 51 51
1303_0017_0006_0064_0064.jpg 1 17 6 64 64
1304_0035_0016_0024_0024.jpg 1 35 16 24 24
1305_0028_0008_0035_0035.jpg 1 28 8 35 35
1306_0037_0009_0040_0040.jpg 1 37 9 40 40
1307_0017_0026_0067_0067.jpg 1 17 26 67 67
1308_0043_0010_0048_0048.jpg 1 43 10 48 48
1309_0034_0024_0042_0042.jpg 1 34 24 42 42
1310_0032_0036_0049_0049.jpg 1 32 36 49 49
1311_0022_0020_0061_0061.jpg 1 22 20 61 61
1312_0038_0026_0049_0049.jpg 1 38 26 49 49
1313_0016_0027_0066_0066.jpg 1 16 27 66 66
1314_0024_0021_0066_0066.jpg 1 24 21 66 66
1315_0007_0038_0048_0048.jpg 1 7 38 48 48
1316_0019_0023_0043_0043.jpg 1 19 23 43 43
1317_0040_0013_0029_0029.jpg 1 40 13 29 29
1318_0037_0045_0044_0044.jpg 1 37 45 44 44
1319_0007_0031_0046_0046.jpg 1 7 31 46 46
1320_0008_0021_0052_0052.jpg 1 8 21 52 52
1321_0008_0022_0041_0041.jpg 1 8 22 41 41
1322_0033_0022_0049_0049.jpg 1 33 22 49 49
1323_0033_0056_0025_0025.jpg 1 33 56 25 25
1324_0021_0017_0059_0059.jpg 1 21 17 59 59
1325_0004_0014_0065_0065.jpg 1 4 14 65 65
1326_0016_0008_0058_0058.jpg 1 16 8 58 58
1327_0042_0046_0026_0026.jpg 1 42 46 26 26
1328_0033_0010_0038_0038.jpg 1 33 10 38 38
1329_0043_0030_0043_0043.jpg 1 43 30 43 43
1330_0035_0031_0040_0040.jpg 1 35 31 40 40
1331_0025_0021_0029_0029.jpg 1 25 21 29 29
1332_0017_0017_0060_0060.jpg 1 17 17 60 60
1333_0021_0031_0062_0062.jpg 1 21 31 62 62
1334_0016_0012_0053_0053.jpg 1 16 12 53 53
1335_0041_0049_0034_0034.jpg 1 41 49 34 34
1336_0053_0034_0039_0039.jpg 1 53 34 39 39
1337_0032_0044_0030_0030.jpg 1 32 44 30 30
1338_0023_0040_0031_0031.jpg 1 23 40 31 31
1339_0019_0053_0035_0035.jpg 1 19 53 35 35
1340_0012_0036_0030_0030.jpg 1 12 36 30 30
1341_0031_0015_0063_0063.jpg 1 31 15 63 63
1342_0028_0028_0045_0045.jpg 1 28 28 45 45
1343_0039_0051_0024_0024.jpg 1 39 51 24 24
1344_0007_0038_0042_0042.jpg 1 7 38 42 42
1345_0010_0048_0032_0032.jpg 1 10 48 32 32
1346_0026_0056_0030_0030.jpg 1 26 56 30 30
1347_0041_0013_0049_0049.jpg 1 41 13 49 49
1348_0006_0028_0061_0061.jpg 1 6 28 61 61
1349_0032_0020_0045_0045.jpg 1 32 20 45 45
1350_0023_0012_0053_0053.jpg 1 23 12 53 53
1351_0007_0025_0056_0056.jpg 1 7 25 56 56
1352_0026_0006_0068_0068.jpg 1 26 6 68 68
1353_0030_0011_0049_0049.jpg 1 30 11 49 49
1354_0040_0024_0032_0032.jpg 1 40 24 32 32
1355_0027_0011_0069_0069.jpg 1 27 11 69 69
1356_0015_0039_0050_0050.jpg 1 15 39 50 50
1357_0015_0019_0057_0057.jpg 1 15 19 57 57
1358_0034_0054_0038_0038.jpg 1 34 54 38 38
1359_0060_0064_0025_0025.jpg 1 60 64 25 25
1360_0021_0013_0068_0068.jpg 1 21 13 68 68
1361_0033_0028_0031_0031.jpg 1 33 28 31 31
1362_0030_0030_0060_0060.jpg 1 30 30 60 60
1363_0017_0029_0030_0030.jpg 1 17 29 30 30
1364_0025_0018_0040_0040.jpg 1 25 18 40 40
1365_0048_0009_0024_0024.jpg 1 48 9 24 24
1366_0027_0012_0066_0066.jpg 1 27 12 66 66
1367_0012_0012_0045_0045.jpg 1 12 12 45 45
1368_0031_0016_0055_0055.jpg 1 31 16 55 55
1369_0029_0009_0058_0058.jpg 1 29 9 58 58
1370_0048_0048_0040_0040.jpg 1 48 48 40 40
1371_0018_0029_0035_0035.jpg 1 18 29 35 35
1372_0036_0010_0050_0050.jpg 1 36 10 50 50
1373_0016_0013_0064_0064.jpg 1 16 13 64 64
1374_0019_0032_0060_0060.jpg 1 19 32 60 60
1375_0040_0041_0029_0029.jpg 1 40 41 29 29
1376_0033_0009_0060_0060.jpg 1 33 9 60 60
1377_0044_0025_0047_0047.jpg 1 44 25 47 47
1378_0016_0043_0032_0032.jpg 1 16 43 32 32
1379_0037_0008_0041_0041.jpg 1 37 8 41 41
1380_0029_0008_0033_0033.jpg 1 29 8 33 33
1381_0032_0018_0030_0030.jpg 1 32 18 30 30
1382_0033_0004_0062_0062.jpg 1 33 4 62 62
1383_0007_0040_0029_0029.jpg 1 7 40 29 29
1384_0007_0011_0050_0050.jpg 1 7 11 50 50
1385_0023_0009_0041_0041.jpg 1 23 9 41 41
1386_0019_0025_0041_0041.jpg 1 19 25 41 41
1387_0005_0016_0043_0043.jpg 1 5 16 43 43
1388_0018_0034_0050_0050.jpg 1 18 34 50 50
1389_0031_0011_0062_0062.jpg 1 31 11 62 62
1390_0023_0007_0039_0039.jpg 1 23 7 39 39
1391_0043_0046_0032_0032.jpg 1 43 46 32 32
1392_0043_0013_0026_0026.jpg 1 43 13 26 26
1393_0024_0015_0066_0066.jpg 1 24 15 66 66
1394_0016_0015_0066_0066.jpg 1 16 15 66 66
1395_0046_0008_0045_0045.jpg 1 46 8 45 45
1396_0037_0040_0037_0037.jpg 1 37 40 37 37
1397_0020_0044_0050_0050.jpg 1 20 44 50 50
1398_0024_0007_0048_0048.jpg 1 24 7 48 48
1399_0023_0024_0045_0045.jpg 1 23 24 45 45
1400_0016_0050_0033_0033.jpg 1 16 50 33 33
1401_0006_0011_0062_0062.jpg 1 6 11 62 62
1402_0031_0044_0039_0039.jpg 1 31 44 39 39
1403_0021_0019_0068_0068.jpg 1 21 19 68 68
1404_0006_0014_0054_0054.jpg 1 6 14 54 54
1405_0028_0009_0054_0054.jpg 1 28 9 54 54
1406_0010_0025_0054_0054.jpg 1 10 25 54 54
1407_0060_0015_0024_0024.jpg 1 60 15 24 24
1408_0025_0016_0066_0066.jpg 1 25 16 66 66
1409_0030_0029_0028_0028.jpg 1 30 29 28 28
1410_0033_0026_0041_0041.jpg 1 33 26 41 41
1411_0014_0025_0047_0047.jpg 1 14 25 47 47
1412_0012_0011_0054_0054.jpg 1 12 11 54 54
1413_0035_0022_0030_0030.jpg 1 35 22 30 30
1414_0021_0019_0060_0060.jpg 1 21 19 60 60
1415_0021_0020_0066_0066.jpg 1 21 20 66 66
1416_0047_0039_0039_0039.jpg 1 47 39 39 39
1417_0008_0022_0063_0063.jpg 1 8 22 63 63
1418_0014_0026_0052_0052.jpg 1 14 26 52 52
1419_0024_0019_0067_0067.jpg 1 24 19 67 67
1420_0035_0007_0060_0060.jpg 1 35 7 60 60
1421_0034_0033_0051_0051.jpg 1 34 33 51 51
1422_0017_0010_0037_0037.jpg 1 17 10 37 37
1423_0033_0011_0057_0057.jpg 1 33 11 57 57
1424_0038_0039_0053_0053.jpg 1 38 39 53 53
1425_0066_0067_0025_0025.jpg 1 66 67 25 25
1426_0013_0046_0027_0027.jpg 1 13 46 27 27
1427_0007_0016_0047_0047.jpg 1 7 16 47 47
1428_0027_0012_0038_0038.jpg 1 27 12 38 38
1429_0052_0024_0038_0038.jpg 1 52 24 38 38
1430_0027_0005_0063_0063.jpg 1 27 5 63 63
1431_0014_0043_0025_0025.jpg 1 14 43 25 25
1432_0020_0013_0043_0043.jpg 1 20 13 43 43
1433_0013_0035_0049_0049.jpg 1 13 35 49 49
1434_0021_0026_0038_0038.jpg 1 21 26 38 38
1435_0043_0021_0050_0050.jpg 1 43 21 50 50
1436_0023_0027_0066_0066.jpg 1 23 27 66 66
1437_0005_0007_0069_0069.jpg 1 5 7 69 69
1438_0013_0004_0069_0069.jpg 1 13 4 69 69
1439_0019_0011_0063_0063.jpg 1 19 11 63 63
1440_0008_0009_0055_0055.jpg 1 8 9 55 55
1441_0034_0005_0060_0060.jpg 1 34 5 60 60
1442_0023_0010_0052_0052.jpg 1 23 10 52 52
1443_0013_0046_0035_0035.jpg 1 13 46 35 35
1444_0022_0023_0069_0069.jpg 1 22 23 69 69
1445_0007_0015_0067_0067.jpg 1 7 15 67 67
1446_0034_0022_0059_0059.jpg 1 34 22 59 59
1447_0013_0017_0057_0057.jpg 1 13 17 57 57
1448_0010_0035_0056_0056.jpg 1 10 35 56 56
1449_0048_0023_0026_0026.jpg 1 48 23 26 26
1450_0036_0024_0042_0042.jpg 1 36 24 42 42
1451_0023_0014_0060_0060.jpg 1 23 14 60 60
1452_0022_0032_0051_0051.jpg 1 22 32 51 51
1453_0021_0013_0059_0059.jpg 1 21 13 59 59
1454_0029_0037_0038_0038.jpg 1 29 37 38 38
1455_0011_0020_0058_0058.jpg 1 11 20 58 58
1456_0063_0051_0028_0028.jpg 1 63 51 28 28
1457_0031_0023_0046_0046.jpg 1 31 23 46 46
1458_0012_0035_0039_0039.jpg 1 12 35 39 39
1459_0036_0041_0042_0042.jpg 1 36 41 42 42
1460_0017_0023_0033_0033.jpg 1 17 23 33 33
1461_0030_0008_0058_0058.jpg 1 30 8 58 58
1462_0027_0017_0029_0029.jpg 1 27 17 29 29
1463_0046_0040_0048_0048.jpg 1 46 40 48 48
1464_0010_0004_0058_0058.jpg 1 10 4 58 58
1465_0032_0021_0040_0040.jpg 1 32 21 40 40
1466_0052_0012_0026_0026.jpg 1 52 12 26 26
1467_0004_0015_0065_0065.jpg 1 4 15 65 65
1468_0061_0018_0025_0025.jpg 1 61 18 25 25
1469_0010_0022_0064_0064.jpg 1 10 22 64 64
1470_0020_0033_0058_0058.jpg 1 20 33 58 58
1471_0005_0028_0063_0063.jpg 1 5 28 63 63
1472_0030_0007_0055_0055.jpg 1 30 7 55 55
1473_0051_0061_0027_0027.jpg 1 51 61 27 27
1474_0053_0050_0027_0027.jpg 1 53 50 27 27
1475_0025_0027_0069_0069.jpg 1 25 27 69 69
1476_0040_0030_0031_0031.jpg 1 40 30 31 31
1477_0034_0018_0041_0041.jpg 1 34 18 41 41
1478_0037_0038_0047_0047.jpg 1 37 38 47 47
1479_0022_0037_0032_0032.jpg 1 22 37 32 32
1480_0012_0037_0042_0042.jpg 1 12 37 42 42
1481_0021_0014_0067_0067.jpg 1 21 14 67 67
1482_0063_0030_0027_0027.jpg 1 63 30 27 27
1483_0028_0031_0035_0035.jpg 1 28 31 35 35
1484_0031_0018_0056_0056.jpg 1 31 18 56 56
1485_0020_0010_0053_0053.jpg 1 20 10 53 53
1486_0025_0034_0048_0048.jpg 1 25 34 48 48
1487_0022_0027_0064_0064.jpg 1 22 27 64 64
1488_0052_0060_0030_0030.jpg 1 52 60 30 30
1489_0012_0008_0038_0038.jpg 1 12 8 38 38
1490_0026_0040_0046_0046.jpg 1 26 40 46 46
1491_0011_0021_0066_0066.jpg 1 11 21 66 66
1492_0021_0058_0030_0030.jpg 1 21 58 30 30
1493_0018_0010_0045_0045.jpg 1 18 10 45 45
1494_0021_0006_0064_0064.jpg 1 21 6 64 64
1495_0033_0021_0057_0057.jpg 1 33 21 57 57
1496_0043_0042_0024_0024.jpg 1 43 42 24 24
1497_0022_0019_0057_0057.jpg 1 22 19 57 57
1498_0022_0004_0064_0064.jpg 1 22 4 64 64
1499_0020_0006_0062_0062.jpg 1 20 6 62 62
1500_0031_0040_0054_0054.jpg 1 31 40 54 54
1501_0039_0017_0049_0049.jpg 1 39 17 49 49
1502_0011_0007_0033_0033.jpg 1 11 7 33 33
1503_0010_0017_0068_0068.jpg 1 10 17 68 68
1504_0013_0007_0049_0049.jpg 1 13 7 49 49
1505_0011_0007_0048_0048.jpg 1 11 7 48 48
1506_0025_0012_0058_0058.jpg 1 25 12 58 58
1507_0017_0011_0051_0051.jpg 1 17 11 51 51
1508_0030_0024_0046_0046.jpg 1 30 24 46 46
1509_0010_0005_0055_0055.jpg 1 10 5 55 55
1510_0034_0024_0038_0038.jpg 1 34 24 38 38
1511_0009_0036_0030_0030.jpg 1 9 36 30 30
1512_0047_0024_0044_0044.jpg 1 47 24 44 44
1513_0017_0023_0068_0068.jpg 1 17 23 68 68
1514_0008_0025_0067_0067.jpg 1 8 25 67 67
1515_0028_0047_0039_0039.jpg 1 28 47 39 39
1516_0011_0035_0048_0048.jpg 1 11 35 48 48
1517_0018_0018_0068_0068.jpg 1 18 18 68 68
1518_0035_0033_0051_0051.jpg 1 35 33 51 51
1519_0026_0037_0029_0029.jpg 1 26 37 29 29
1520_0010_0034_0027_0027.jpg 1 10 34 27 27
1521_0018_0014_0054_0054.jpg 1 18 14 54 54
1522_0050_0016_0043_0043.jpg 1 50 16 43 43
1523_0045_0031_0047_0047.jpg 1 45 31 47 47
1524_0019_0038_0044_0044.jpg 1 19 38 44 44
1525_0034_0006_0035_0035.jpg 1 34 6 35 35
1526_0018_0013_0049_0049.jpg 1 18 13 49 49
1527_0022_0008_0064_0064.jpg 1 22 8 64 64
1528_0020_0009_0046_0046.jpg 1 20 9 46 46
1529_0051_0050_0035_0035.jpg 1 51 50 35 35
1530_0023_0051_0025_0025.jpg 1 23 51 25 25
1531_0031_0057_0028_0028.jpg 1 31 57 28 28
1532_0009_0013_0039_0039.jpg 1 9 13 39 39
1533_0031_0023_0057_0057.jpg 1 31 23 57 57
1534_0005_0023_0061_0061.jpg 1 5 23 61 61
1535_0017_0025_0066_0066.jpg 1 17 25 66 66
1536_0035_0018_0051_0051.jpg 1 35 18 51 51
1537_0021_0019_0025_0025.jpg 1 21 19 25 25
1538_0007_0021_0046_0046.jpg 1 7 21 46 46
1539_0039_0044_0031_0031.jpg 1 39 44 31 31
1540_0045_0050_0043_0043.jpg 1 45 50 43 43
1541_0015_0040_0034_0034.jpg 1 15 40 34 34
1542_0007_0030_0045_0045.jpg 1 7 30 45 45
1543_0018_0023_0034_0034.jpg 1 18 23 34 34
1544_0030_0038_0056_0056.jpg 1 30 38 56 56
1545_0029_0021_0029_0029.jpg 1 29 21 29 29
1546_0021_0039_0026_0026.jpg 1 21 39 26 26
1547_0014_0020_0047_0047.jpg 1 14 20 47 47
1548_0024_0006_0064_0064.jpg 1 24 6 64 64
1549_0052_0016_0038_0038.jpg 1 52 16 38 38
1550_0005_0019_0064_0064.jpg 1 5 19 64 64
1551_0017_0018_0062_0062.jpg 1 17 18 62 62
1552_0057_0035_0028_0028.jpg 1 57 35 28 28
1553_0024_0039_0042_0042.jpg 1 24 39 42 42
1554_0051_0029_0035_0035.jpg 1 51 29 35 35
1555_0015_0017_0047_0047.jpg 1 15 17 47 47
1556_0013_0017_0067_0067.jpg 1 13 17 67 67
1557_0006_0011_0057_0057.jpg 1 6 11 57 57
1558_0019_0038_0027_0027.jpg 1 19 38 27 27
1559_0013_0024_0046_0046.jpg 1 13 24 46 46
1560_0054_0015_0031_0031.jpg 1 54 15 31 31
1561_0034_0037_0054_0054.jpg 1 34 37 54 54
1562_0019_0033_0063_0063.jpg 1 19 33 63 63
1563_0035_0036_0045_0045.jpg 1 35 36 45 45
1564_0056_0049_0033_0033.jpg 1 56 49 33 33
1565_0005_0024_0068_0068.jpg 1 5 24 68 68
1566_0021_0024_0062_0062.jpg 1 21 24 62 62
1567_0014_0010_0036_0036.jpg 1 14 10 36 36
1568_0052_0042_0034_0034.jpg 1 52 42 34 34
1569_0026_0035_0060_0060.jpg 1 26 35 60 60
1570_0026_0026_0029_0029.jpg 1 26 26 29 29
1571_0009_0055_0037_0037.jpg 1 9 55 37 37
1572_0056_0016_0024_0024.jpg 1 56 16 24 24
1573_0023_0030_0056_0056.jpg 1 23 30 56 56
1574_0029_0025_0052_0052.jpg 1 29 25 52 52
1575_0038_0022_0055_0055.jpg 1 38 22 55 55
1576_0026_0033_0041_0041.jpg 1 26 33 41 41
1577_0012_0022_0069_0069.jpg 1 12 22 69 69
1578_0065_0008_0026_0026.jpg 1 65 8 26 26
1579_0039_0046_0040_0040.jpg 1 39 46 40 40
1580_0017_0036_0048_0048.jpg 1 17 36 48 48
1581_0014_0050_0025_0025.jpg 1 14 50 25 25
1582_0006_0010_0044_0044.jpg 1 6 10 44 44
1583_0041_0012_0030_0030.jpg 1 41 12 30 30
1584_0036_0013_0056_0056.jpg 1 36 13 56 56
1585_0028_0030_0041_0041.jpg 1 28 30 41 41
1586_0029_0006_0066_0066.jpg 1 29 6 66 66
1587_0021_0031_0046_0046.jpg 1 21 31 46 46
1588_0033_0055_0036_0036.jpg 1 33 55 36 36
1589_0021_0035_0059_0059.jpg 1 21 35 59 59
1590_0035_0035_0044_0044.jpg 1 35 35 44 44
1591_0020_0027_0055_0055.jpg 1 20 27 55 55
1592_0015_0038_0050_0050.jpg 1 15 38 50 50
1593_0029_0014_0067_0067.jpg 1 29 14 67 67
1594_0028_0018_0066_0066.jpg 1 28 18 66 66
1595_0039_0039_0051_0051.jpg 1 39 39 51 51
1596_0028_0022_0039_0039.jpg 1 28 22 39 39
1597_0023_0018_0064_0064.jpg 1 23 18 64 64
1598_0037_0013_0029_0029.jpg 1 37 13 29 29
1599_0008_0022_0047_0047.jpg 1 8 22 47 47
1600_0009_0011_0068_0068.jpg 1 9 11 68 68
1601_0022_0005_0054_0054.jpg 1 22 5 54 54
1602_0054_0032_0029_0029.jpg 1 54 32 29 29
1603_0024_0018_0068_0068.jpg 1 24 18 68 68
1604_0047_0036_0037_0037.jpg 1 47 36 37 37
1605_0011_0055_0026_0026.jpg 1 11 55 26 26
1606_0034_0011_0052_0052.jpg 1 34 11 52 52
1607_0030_0031_0063_0063.jpg 1 30 31 63 63
1608_0015_0063_0028_0028.jpg 1 15 63 28 28
1609_0016_0041_0036_0036.jpg 1 16 41 36 36
1610_0035_0033_0034_0034.jpg 1 35 33 34 34
1611_0011_0022_0067_0067.jpg 1 11 22 67 67
1612_0023_0017_0051_0051.jpg 1 23 17 51 51
1613_0047_0012_0031_0031.jpg 1 47 12 31 31
1614_0034_0029_0054_0054.jpg 1 34 29 54 54
1615_0021_0016_0038_0038.jpg 1 21 16 38 38
1616_0036_0029_0043_0043.jpg 1 36 29 43 43
1617_0065_0021_0024_0024.jpg 1 65 21 24 24
1618_0036_0019_0059_0059.jpg 1 36 19 59 59
1619_0015_0005_0054_0054.jpg 1 15 5 54 54
1620_0030_0026_0065_0065.jpg 1 30 26 65 65
1621_0020_0046_0045_0045.jpg 1 20 46 45 45
1622_0008_0012_0057_0057.jpg 1 8 12 57 57
1623_0027_0015_0062_0062.jpg 1 27 15 62 62
1624_0037_0041_0041_0041.jpg 1 37 41 41 41
1625_0046_0039_0025_0025.jpg 1 46 39 25 25
1626_0013_0039_0032_0032.jpg 1 13 39 32 32
1627_0017_0043_0046_0046.jpg 1 17 43 46 46
1628_0048_0049_0027_0027.jpg 1 48 49 27 27
1629_0015_0013_0067_0067.jpg 1 15 13 67 67
1630_0047_0039_0041_0041.jpg 1 47 39 41 41
1631_0050_0063_0024_0024.jpg 1 50 63 24 24
1632_0006_0034_0041_0041.jpg 1 6 34 41 41
1633_0009_0007_0061_0061.jpg 1 9 7 61 61
1634_0023_0057_0035_0035.jpg 1 23 57 35 35
1635_0036_0041_0051_0051.jpg 1 36 41 51 51
1636_0053_0033_0026_0026.jpg 1 53 33 26 26
1637_0013_0034_0060_0060.jpg 1 13 34 60 60
1638_0042_0026_0048_0048.jpg 1 42 26 48 48
1639_0015_0020_0060_0060.jpg 1 15 20 60 60
1640_0037_0047_0038_0038.jpg 1 37 47 38 38
1641_0030_0021_0065_0065.jpg 1 30 21 65 65
1642_0013_0014_0066_0066.jpg 1 13 14 66 66
1643_0052_0013_0041_0041.jpg 1 52 13 41 41
1644_0016_0016_0058_0058.jpg 1 16 16 58 58
1645_0011_0027_0056_0056.jpg 1 11 27 56 56
1646_0051_0024_0040_0040.jpg 1 51 24 40 40
1647_0026_0027_0061_0061.jpg 1 26 27 61 61
1648_0005_0012_0069_0069.jpg 1 5 12 69 69
1649_0044_0061_0025_0025.jpg 1 44 61 25 25
1650_0060_0029_0031_0031.jpg 1 60 29 31 31
1651_0029_0011_0058_0058.jpg 1 29 11 58 58
1652_0025_0031_0046_0046.jpg 1 25 31 46 46
1653_0051_0023_0040_0040.jpg 1 51 23 40 40
1654_0012_0005_0061_0061.jpg 1 12 5 61 61
1655_0018_0025_0063_0063.jpg 1 18 25 63 63
1656_0037_0034_0054_0054.jpg 1 37 34 54 54
1657_0019_0024_0025_0025.jpg 1 19 24 25 25
1658_0034_0026_0049_0049.jpg 1 34 26 49 49
1659_0016_0038_0029_0029.jpg 1 16 38 29 29
1660_0024_0023_0060_0060.jpg 1 24 23 60 60
1661_0021_0028_0064_0064.jpg 1 21 28 64 64
1662_0006_0020_0044_0044.jpg 1 6 20 44 44
1663_0005_0029_0061_0061.jpg 1 5 29 61 61
1664_0062_0027_0029_0029.jpg 1 62 27 29 29
1665_0024_0035_0038_0038.jpg 1 24 35 38 38
1666_0016_0027_0065_0065.jpg 1 16 27 65 65
1667_0026_0020_0069_0069.jpg 1 26 20 69 69
1668_0034_0011_0038_0038.jpg 1 34 11 38 38
1669_0050_0044_0041_0041.jpg 1 50 44 41 41
1670_0019_0041_0029_0029.jpg 1 19 41 29 29
1671_0010_0017_0061_0061.jpg 1 10 17 61 61
1672_0018_0003_0067_0067.jpg 1 18 3 67 67
1673_0021_0029_0048_0048.jpg 1 21 29 48 48
1674_0039_0042_0033_0033.jpg 1 39 42 33 33
1675_0015_0049_0027_0027.jpg 1 15 49 27 27
1676_0027_0016_0061_0061.jpg 1 27 16 61 61
1677_0020_0029_0055_0055.jpg 1 20 29 55 55
1678_0026_0050_0030_0030.jpg 1 26 50 30 30
1679_0043_0019_0051_0051.jpg 1 43 19 51 51
1680_0004_0016_0059_0059.jpg 1 4 16 59 59
1681_0016_0012_0053_0053.jpg 1 16 12 53 53
1682_0047_0013_0028_0028.jpg 1 47 13 28 28
1683_0039_0011_0052_0052.jpg 1 39 11 52 52
1684_0028_0016_0053_0053.jpg 1 28 16 53 53
1685_0018_0015_0046_0046.jpg 1 18 15 46 46
1686_0042_0048_0035_0035.jpg 1 42 48 35 35
1687_0016_0014_0041_0041.jpg 1 16 14 41 41
1688_0029_0027_0060_0060.jpg 1 29 27 60 60
1689_0062_0053_0024_0024.jpg 1 62 53 24 24
1690_0032_0005_0061_0061.jpg 1 32 5 61 61
1691_0062_0059_0029_0029.jpg 1 62 59 29 29
1692_0050_0040_0028_0028.jpg 1 50 40 28 28
1693_0048_0047_0025_0025.jpg 1 48 47 25 25
1694_0024_0004_0064_0064.jpg 1 24 4 64 64
1695_0029_0020_0043_0043.jpg 1 29 20 43 43
1696_0022_0030_0058_0058.jpg 1 22 30 58 58
1697_0026_0017_0056_0056.jpg 1 26 17 56 56
1698_0005_0031_0057_0057.jpg 1 5 31 57 57
1699_0015_0039_0052_0052.jpg 1 15 39 52 52
1700_0030_0026_0053_0053.jpg 1 30 26 53 53
1701_0035_0006_0058_0058.jpg 1 35 6 58 58
1702_0008_0036_0058_0058.jpg 1 8 36 58 58
1703_0014_0023_0062_0062.jpg 1 14 23 62 62
1704_0009_0062_0027_0027.jpg 1 9 62 27 27
1705_0031_0019_0055_0055.jpg 1 31 19 55 55
1706_0038_0037_0057_0057.jpg 1 38 37 57 57
1707_0009_0025_0049_0049.jpg 1 9 25 49 49
1708_0041_0023_0035_0035.jpg 1 41 23 35 35
1709_0026_0008_0067_0067.jpg 1 26 8 67 67
1710_0015_0025_0069_0069.jpg 1 15 25 69 69
1711_0026_0024_0045_0045.jpg 1 26 24 45 45
1712_0025_0034_0038_0038.jpg 1 25 34 38 38
1713_0038_0038_0035_0035.jpg 1 38 38 35 35
1714_0016_0009_0063_0063.jpg 1 16 9 63 63
1715_0008_0026_0062_0062.jpg 1 8 26 62 62
1716_0056_0058_0025_0025.jpg 1 56 58 25 25
1717_0019_0037_0043_0043.jpg 1 19 37 43 43
1718_0021_0004_0058_0058.jpg 1 21 4 58 58
1719_0030_0010_0061_0061.jpg 1 30 10 61 61
1720_0039_0026_0038_0038.jpg 1 39 26 38 38
1721_0036_0049_0041_0041.jpg 1 36 49 41 41
1722_0049_0046_0043_0043.jpg 1 49 46 43 43
1723_0057_0063_0026_0026.jpg 1 57 63 26 26
1724_0020_0010_0062_0062.jpg 1 20 10 62 62
1725_0004_0011_0056_0056.jpg 1 4 11 56 56
1726_0020_0025_0063_0063.jpg 1 20 25 63 63
1727_0016_0020_0057_0057.jpg 1 16 20 57 57
1728_0023_0012_0060_0060.jpg 1 23 12 60 60
1729_0016_0007_0068_0068.jpg 1 16 7 68 68
1730_0037_0022_0055_0055.jpg 1 37 22 55 55
1731_0044_0008_0041_0041.jpg 1 44 8 41 41
1732_0058_0063_0028_0028.jpg 1 58 63 28 28
1733_0008_0007_0064_0064.jpg 1 8 7 64 64
1734_0043_0033_0035_0035.jpg 1 43 33 35 35
1735_0016_0028_0026_0026.jpg 1 16 28 26 26
1736_0021_0005_0068_0068.jpg 1 21 5 68 68
1737_0021_0011_0054_0054.jpg 1 21 11 54 54
1738_0007_0019_0055_0055.jpg 1 7 19 55 55
1739_0012_0010_0036_0036.jpg 1 12 10 36 36
1740_0063_0031_0028_0028.jpg 1 63 31 28 28
1741_0027_0033_0034_0034.jpg 1 27 33 34 34
1742_0015_0006_0052_0052.jpg 1 15 6 52 52
1743_0051_0027_0025_0025.jpg 1 51 27 25 25
1744_0026_0025_0053_0053.jpg 1 26 25 53 53
1745_0027_0024_0046_0046.jpg 1 27 24 46 46
1746_0025_0020_0054_0054.jpg 1 25 20 54 54
1747_0009_0059_0032_0032.jpg 1 9 59 32 32
1748_0025_0039_0030_0030.jpg 1 25 39 30 30
1749_0052_0029_0031_0031.jpg 1 52 29 31 31
1750_0014_0032_0042_0042.jpg 1 14 32 42 42
1751_0023_0005_0051_0051.jpg 1 23 5 51 51
1752_0008_0032_0055_0055.jpg 1 8 32 55 55
1753_0017_0003_0069_0069.jpg 1 17 3 69 69
1754_0006_0006_0069_0069.jpg 1 6 6 69 69
1755_0023_0020_0059_0059.jpg 1 23 20 59 59
1756_0010_0014_0050_0050.jpg 1 10 14 50 50
1757_0035_0042_0028_0028.jpg 1 35 42 28 28
1758_0015_0034_0030_0030.jpg 1 15 34 30 30
1759_0041_0022_0032_0032.jpg 1 41 22 32 32
1760_0027_0015_0026_0026.jpg 1 27 15 26 26
1761_0015_0032_0039_0039.jpg 1 15 32 39 39
1762_0030_0046_0035_0035.jpg 1 30 46 35 35
1763_0028_0023_0058_0058.jpg 1 28 23 58 58
1764_0043_0052_0028_0028.jpg 1 43 52 28 28
1765_0014_0020_0060_0060.jpg 1 14 20 60 60
1766_0018_0011_0057_0057.jpg 1 18 11 57 57
1767_0023_0015_0055_0055.jpg 1 23 15 55 55
1768_0015_0007_0064_0064.jpg 1 15 7 64 64
1769_0004_0025_0061_0061.jpg 1 4 25 61 61
1770_0016_0021_0041_0041.jpg 1 16 21 41 41
1771_0010_0013_0039_0039.jpg 1 10 13 39 39
1772_0011_0041_0037_0037.jpg 1 11 41 37 37
1773_0034_0008_0058_0058.jpg 1 34 8 58 58
1774_0065_0019_0025_0025.jpg 1 65 19 25 25
1775_0009_0017_0068_0068.jpg 1 9 17 68 68
1776_0053_0010_0031_0031.jpg 1 53 10 31 31
1777_0058_0017_0030_0030.jpg 1 58 17 30 30
1778_0025_0037_0029_0029.jpg 1 25 37 29 29
1779_0032_0018_0025_0025.jpg 1 32 18 25 25
1780_0014_0011_0062_0062.jpg 1 14 11 62 62
1781_0016_0021_0024_0024.jpg 1 16 21 24 24
1782_0011_0004_0063_0063.jpg 1 11 4 63 63
1783_0008_0011_0026_0026.jpg 1 8 11 26 26
1784_0031_0025_0036_0036.jpg 1 31 25 36 36
1785_0031_0035_0044_0044.jpg 1 31 35 44 44
1786_0008_0057_0028_0028.jpg 1 8 57 28 28
1787_0038_0033_0045_0045.jpg 1 38 33 45 45
1788_0053_0010_0024_0024.jpg 1 53 10 24 24
1789_0030_0034_0054_0054.jpg 1 30 34 54 54
1790_0035_0027_0060_0060.jpg 1 35 27 60 60
1791_0007_0014_0059_0059.jpg 1 7 14 59 59
1792_0012_0053_0028_0028.jpg 1 12 53 28 28
1793_0025_0028_0059_0059.jpg 1 25 28 59 59
1794_0015_0028_0046_0046.jpg 1 15 28 46 46
1795_0014_0026_0040_0040.jpg 1 14 26 40 40
1796_0046_0027_0047_0047.jpg 1 46 27 47 47
1797_0042_0029_0024_0024.jpg 1 42 29 24 24
1798_0028_0013_0050_0050.jpg 1 28 13 50 50
1799_0035_0056_0031_0031.jpg 1 35 56 31 31
1800_0012_0020_0065_0065.jpg 1 12 20 65 65
1801_0024_0026_0068_0068.jpg 1 24 26 68 68
1802_0021_0018_0059_0059.jpg 1 21 18 59 59
1803_0029_0038_0054_0054.jpg 1 29 38 54 54
1804_0018_0025_0054_0054.jpg 1 18 25 54 54
1805_0007_0010_0062_0062.jpg 1 7 10 62 62
1806_0017_0026_0054_0054.jpg 1 17 26 54 54
1807_0009_0022_0057_0057.jpg 1 9 22 57 57
1808_0007_0027_0057_0057.jpg 1 7 27 57 57
1809_0058_0016_0032_0032.jpg 1 58 16 32 32
1810_0026_0036_0053_0053.jpg 1 26 36 53 53
1811_0057_0056_0029_0029.jpg 1 57 56 29 29
1812_0010_0024_0056_0056.jpg 1 10 24 56 56
1813_0016_0039_0052_0052.jpg 1 16 39 52 52
1814_0034_0022_0035_0035.jpg 1 34 22 35 35
1815_0050_0063_0029_0029.jpg 1 50 63 29 29
1816_0016_0029_0056_0056.jpg 1 16 29 56 56
1817_0019_0022_0049_0049.jpg 1 19 22 49 49
1818_0037_0038_0044_0044.jpg 1 37 38 44 44
1819_0022_0020_0069_0069.jpg 1 22 20 69 69
1820_0044_0034_0043_0043.jpg 1 44 34 43 43
1821_0009_0033_0030_0030.jpg 1 9 33 30 30
1822_0027_0056_0028_0028.jpg 1 27 56 28 28
1823_0025_0060_0028_0028.jpg 1 25 60 28 28
1824_0049_0012_0025_0025.jpg 1 49 12 25 25
1825_0046_0028_0045_0045.jpg 1 46 28 45 45
1826_0016_0019_0051_0051.jpg 1 16 19 51 51
1827_0017_0016_0052_0052.jpg 1 17 16 52 52
1828_0037_0042_0050_0050.jpg 1 37 42 50 50
1829_0018_0019_0062_0062.jpg 1 18 19 62 62
1830_0054_0014_0031_0031.jpg 1 54 14 31 31
1831_0051_0009_0036_0036.jpg 1 51 9 36 36
1832_0026_0050_0024_0024.jpg 1 26 50 24 24
1833_0015_0053_0036_0036.jpg 1 15 53 36 36
1834_0007_0065_0026_0026.jpg 1 7 65 26 26
1835_0022_0007_0069_0069.jpg 1 22 7 69 69
1836_0028_0019_0058_0058.jpg 1 28 19 58 58
1837_0018_0020_0042_0042.jpg 1 18 20 42 42
1838_0014_0030_0027_0027.jpg 1 14 30 27 27
1839_0018_0022_0067_0067.jpg 1 18 22 67 67
1840_0007_0008_0055_0055.jpg 1 7 8 55 55
1841_0020_0017_0029_0029.jpg 1 20 17 29 29
1842_0050_0018_0028_0028.jpg 1 50 18 28 28
1843_0038_0065_0026_0026.jpg 1 38 65 26 26
1844_0047_0031_0040_0040.jpg 1 47 31 40 40
1845_0010_0021_0058_0058.jpg 1 10 21 58 58
1846_0016_0033_0032_0032.jpg 1 16 33 32 32
1847_0010_0049_0030_0030.jpg 1 10 49 30 30
1848_0016_0036_0033_0033.jpg 1 16 36 33 33
1849_0003_0022_0067_0067.jpg 1 3 22 67 67
1850_0031_0019_0056_0056.jpg 1 31 19 56 56
1851_0023_0009_0029_0029.jpg 1 23 9 29 29
1852_0027_0012_0063_0063.jpg 1 27 12 63 63
1853_0024_0011_0062_0062.jpg 1 24 11 62 62
1854_0026_0023_0064_0064.jpg 1 26 23 64 64
1855_0006_0050_0037_0037.jpg 1 6 50 37 37
1856_0034_0026_0032_0032.jpg 1 34 26 32 32
1857_0026_0020_0057_0057.jpg 1 26 20 57 57
1858_0011_0055_0024_0024.jpg 1 11 55 24 24
1859_0020_0038_0029_0029.jpg 1 20 38 29 29
1860_0021_0033_0039_0039.jpg 1 21 33 39 39
1861_0013_0016_0044_0044.jpg 1 13 16 44 44
1862_0027_0045_0026_0026.jpg 1 27 45 26 26
1863_0025_0034_0053_0053.jpg 1 25 34 53 53
1864_0020_0041_0026_0026.jpg 1 20 41 26 26
1865_0012_0011_0053_0053.jpg 1 12 11 53 53
1866_0025_0020_0065_0065.jpg 1 25 20 65 65
1867_0023_0034_0030_0030.jpg 1 23 34 30 30
1868_0050_0018_0033_0033.jpg 1 50 18 33 33
1869_0018_0025_0054_0054.jpg 1 18 25 54 54
1870_0023_0029_0059_0059.jpg 1 23 29 59 59
1871_0030_0034_0057_0057.jpg 1 30 34 57 57
1872_0054_0023_0026_0026.jpg 1 54 23 26 26
1873_0030_0042_0032_0032.jpg 1 30 42 32 32
1874_0010_0024_0060_0060.jpg 1 10 24 60 60
1875_0057_0029_0024_0024.jpg 1 57 29 24 24
1876_0033_0026_0036_0036.jpg 1 33 26 36 36
1877_0035_0011_0041_0041.jpg 1 35 11 41 41
1878_0025_0017_0041_0041.jpg 1 25 17 41 41
1879_0009_0012_0051_0051.jpg 1 9 12 51 51
1880_0011_0016_0069_0069.jpg 1 11 16 69 69
1881_0017_0044_0051_0051.jpg 1 17 44 51 51
1882_0015_0009_0065_0065.jpg 1 15 9 65 65
1883_0009_0040_0054_0054.jpg 1 9 40 54 54
1884_0037_0006_0039_0039.jpg 1 37 6 39 39
1885_0010_0003_0068_0068.jpg 1 10 3 68 68
1886_0028_0014_0068_0068.jpg 1 28 14 68 68
1887_0024_0022_0059_0059.jpg 1 24 22 59 59
1888_0060_0052_0029_0029.jpg 1 60 52 29 29
1889_0035_0024_0042_0042.jpg 1 35 24 42 42
1890_0015_0036_0050_0050.jpg 1 15 36 50 50
1891_0034_0028_0052_0052.jpg 1 34 28 52 52
1892_0007_0016_0061_0061.jpg 1 7 16 61 61
1893_0017_0017_0064_0064.jpg 1 17 17 64 64
1894_0015_0006_0044_0044.jpg 1 15 6 44 44
1895_0033_0028_0054_0054.jpg 1 33 28 54 54
1896_0019_0008_0053_0053.jpg 1 19 8 53 53
1897_0038_0023_0049_0049.jpg 1 38 23 49 49
1898_0043_0024_0052_0052.jpg 1 43 24 52 52
1899_0037_0050_0034_0034.jpg 1 37 50 34 34
1900_0037_0009_0035_0035.jpg 1 37 9 35 35
1901_0024_0023_0058_0058.jpg 1 24 23 58 58
1902_0030_0025_0044_0044.jpg 1 30 25 44 44
1903_0026_0051_0041_0041.jpg 1 26 51 41 41
1904_0017_0019_0063_0063.jpg 1 17 19 63 63
1905_0047_0051_0039_0039.jpg 1 47 51 39 39
1906_0047_0039_0046_0046.jpg 1 47 39 46 46
1907_0014_0011_0045_0045.jpg 1 14 11 45 45
1908_0023_0013_0052_0052.jpg 1 23 13 52 52
1909_0025_0014_0044_0044.jpg 1 25 14 44 44
1910_0008_0015_0057_0057.jpg 1 8 15 57 57
1911_0014_0018_0046_0046.jpg 1 14 18 46 46
1912_0025_0014_0069_0069.jpg 1 25 14 69 69
1913_0057_0015_0035_0035.jpg 1 57 15 35 35
1914_0034_0029_0059_0059.jpg 1 34 29 59 59
1915_0040_0012_0049_0049.jpg 1 40 12 49 49
1916_0048_0016_0027_0027.jpg 1 48 16 27 27
1917_0048_0048_0026_0026.jpg 1 48 48 26 26
1918_0033_0034_0054_0054.jpg 1 33 34 54 54
1919_0022_0021_0066_0066.jpg 1 22 21 66 66
1920_0014_0016_0026_0026.jpg 1 14 16 26 26
1921_0025_0068_0024_0024.jpg 1 25 68 24 24
1922_0026_0036_0054_0054.jpg 1 26 36 54 54
1923_0044_0037_0046_0046.jpg 1 44 37 46 46
1924_0020_0015_0058_0058.jpg 1 20 15 58 58
1925_0060_0050_0024_0024.jpg 1 60 50 24 24
1926_0024_0010_0060_0060.jpg 1 24 10 60 60
1927_0010_0047_0045_0045.jpg 1 10 47 45 45
1928_0029_0056_0033_0033.jpg 1 29 56 33 33
1929_0039_0033_0051_0051.jpg 1 39 33 51 51
1930_0011_0026_0036_0036.jpg 1 11 26 36 36
1931_0008_0018_0066_0066.jpg 1 8 18 66 66
1932_0036_0049_0044_0044.jpg 1 36 49 44 44
1933_0013_0008_0061_0061.jpg 1 13 8 61 61
1934_0012_0026_0046_0046.jpg 1 12 26 46 46
1935_0023_0034_0042_0042.jpg 1 23 34 42 42
1936_0033_0040_0034_0034.jpg 1 33 40 34 34
1937_0021_0027_0050_0050.jpg 1 21 27 50 50
1938_0006_0028_0039_0039.jpg 1 6 28 39 39
1939_0007_0026_0029_0029.jpg 1 7 26 29 29
1940_0015_0056_0034_0034.jpg 1 15 56 34 34
1941_0046_0059_0024_0024.jpg 1 46 59 24 24
1942_0040_0034_0035_0035.jpg 1 40 34 35 35
1943_0044_0043_0025_0025.jpg 1 44 43 25 25
1944_0044_0035_0045_0045.jpg 1 44 35 45 45
1945_0038_0015_0028_0028.jpg 1 38 15 28 28
1946_0024_0020_0053_0053.jpg 1 24 20 53 53
1947_0037_0040_0030_0030.jpg 1 37 40 30 30
1948_0030_0007_0065_0065.jpg 1 30 7 65 65
1949_0008_0014_0061_0061.jpg 1 8 14 61 61
1950_0005_0011_0069_0069.jpg 1 5 11 69 69
1951_0018_0055_0038_0038.jpg 1 18 55 38 38
1952_0010_0021_0066_0066.jpg 1 10 21 66 66
1953_0006_0007_0068_0068.jpg 1 6 7 68 68
1954_0038_0028_0054_0054.jpg 1 38 28 54 54
1955_0039_0045_0024_0024.jpg 1 39 45 24 24
1956_0018_0004_0066_0066.jpg 1 18 4 66 66
1957_0017_0043_0024_0024.jpg 1 17 43 24 24
1958_0023_0028_0050_0050.jpg 1 23 28 50 50
1959_0021_0019_0064_0064.jpg 1 21 19 64 64
1960_0036_0066_0024_0024.jpg 1 36 66 24 24
1961_0028_0015_0043_0043.jpg 1 28 15 43 43
1962_0020_0006_0067_0067.jpg 1 20 6 67 67
1963_0007_0029_0035_0035.jpg 1 7 29 35 35
1964_0005_0033_0043_0043.jpg 1 5 33 43 43
1965_0041_0007_0053_0053.jpg 1 41 7 53 53
1966_0031_0028_0049_0049.jpg 1 31 28 49 49
1967_0007_0051_0030_0030.jpg 1 7 51 30 30
1968_0048_0056_0027_0027.jpg 1 48 56 27 27
1969_0048_0053_0026_0026.jpg 1 48 53 26 26
1970_0036_0018_0030_0030.jpg 1 36 18 30 30
1971_0044_0044_0041_0041.jpg 1 44 44 41 41
1972_0039_0051_0029_0029.jpg 1 39 51 29 29
1973_0034_0050_0033_0033.jpg 1 34 50 33 33
1974_0015_0015_0059_0059.jpg 1 15 15 59 59
1975_0006_0025_0069_0069.jpg 1 6 25 69 69
1976_0024_0021_0065_0065.jpg 1 24 21 65 65
1977_0017_0029_0058_0058.jpg 1 17 29 58 58
1978_0030_0022_0034_0034.jpg 1 30 22 34 34
1979_0006_0044_0048_0048.jpg 1 6 44 48 48
1980_0016_0035_0051_0051.jpg 1 16 35 51 51
1981_0022_0029_0052_0052.jpg 1 22 29 52 52
1982_0050_0026_0029_0029.jpg 1 50 26 29 29
1983_0014_0040_0055_0055.jpg 1 14 40 55 55
1984_0026_0040_0025_0025.jpg 1 26 40 25 25
1985_0019_0008_0037_0037.jpg 1 19 8 37 37
1986_0030_0048_0042_0042.jpg 1 30 48 42 42
1987_0017_0023_0061_0061.jpg 1 17 23 61 61
1988_0019_0005_0065_0065.jpg 1 19 5 65 65
1989_0021_0015_0058_0058.jpg 1 21 15 58 58
1990_0025_0024_0069_0069.jpg 1 25 24 69 69
1991_0025_0013_0069_0069.jpg 1 25 13 69 69
1992_0016_0049_0024_0024.jpg 1 16 49 24 24
1993_0016_0014_0064_0064.jpg 1 16 14 64 64
1994_0033_0031_0047_0047.jpg 1 33 31 47 47
1995_0040_0013_0035_0035.jpg 1 40 13 35 35
1996_0018_0011_0053_0053.jpg 1 18 11 53 53
1997_0028_0014_0049_0049.jpg 1 28 14 49 49
1998_0020_0007_0029_0029.jpg 1 20 7 29 29
1999_0026_0012_0066_0066.jpg 1 26 12 66 66
2000_0007_0013_0066_0066.jpg 1 7 13 66 66
2001_0016_0020_0069_0069.jpg 1 16 20 69 69
2002_0009_0026_0064_0064.jpg 1 9 26 64 64
2003_0023_0010_0068_0068.jpg 1 23 10 68 68
2004_0034_0011_0058_0058.jpg 1 34 11 58 58
2005_0007_0034_0049_0049.jpg 1 7 34 49 49
2006_0036_0067_0025_0025.jpg 1 36 67 25 25
2007_0058_0056_0030_0030.jpg 1 58 56 30 30
2008_0015_0033_0055_0055.jpg 1 15 33 55 55
2009_0047_0018_0027_0027.jpg 1 47 18 27 27
2010_0026_0010_0069_0069.jpg 1 26 10 69 69
2011_0043_0043_0034_0034.jpg 1 43 43 34 34
2012_0038_0033_0054_0054.jpg 1 38 33 54 54
2013_0022_0014_0045_0045.jpg 1 22 14 45 45
2014_0011_0041_0054_0054.jpg 1 11 41 54 54
2015_0008_0021_0064_0064.jpg 1 8 21 64 64
2016_0017_0026_0041_0041.jpg 1 17 26 41 41
2017_0057_0058_0029_0029.jpg 1 57 58 29 29
2018_0026_0032_0056_0056.jpg 1 26 32 56 56
2019_0033_0010_0054_0054.jpg 1 33 10 54 54
2020_0020_0006_0066_0066.jpg 1 20 6 66 66
2021_0027_0034_0037_0037.jpg 1 27 34 37 37
2022_0027_0009_0055_0055.jpg 1 27 9 55 55
2023_0015_0005_0065_0065.jpg 1 15 5 65 65
2024_0034_0021_0059_0059.jpg 1 34 21 59 59
2025_0008_0029_0062_0062.jpg 1 8 29 62 62
2026_0029_0010_0053_0053.jpg 1 29 10 53 53
2027_0012_0015_0056_0056.jpg 1 12 15 56 56
2028_0049_0027_0026_0026.jpg 1 49 27 26 26
2029_0008_0009_0049_0049.jpg 1 8 9 49 49
2030_0024_0023_0060_0060.jpg 1 24 23 60 60
2031_0059_0036_0033_0033.jpg 1 59 36 33 33
2032_0039_0031_0050_0050.jpg 1 39 31 50 50
2033_0034_0050_0032_0032.jpg 1 34 50 32 32
2034_0015_0014_0060_0060.jpg 1 15 14 60 60
2035_0028_0018_0065_0065.jpg 1 28 18 65 65
2036_0044_0030_0040_0040.jpg 1 44 30 40 40
2037_0044_0018_0049_0049.jpg 1 44 18 49 49
2038_0050_0055_0031_0031.jpg 1 50 55 31 31
2039_0008_0022_0062_0062.jpg 1 8 22 62 62
2040_0024_0027_0031_0031.jpg 1 24 27 31 31
2041_0025_0008_0033_0033.jpg 1 25 8 33 33
2042_0027_0014_0035_0035.jpg 1 27 14 35 35
2043_0010_0024_0032_0032.jpg 1 10 24 32 32
2044_0025_0042_0029_0029.jpg 1 25 42 29 29
2045_0008_0009_0067_0067.jpg 1 8 9 67 67
2046_0030_0032_0056_0056.jpg 1 30 32 56 56
2047_0018_0029_0025_0025.jpg 1 18 29 25 25
2048_0008_0013_0057_0057.jpg 1 8 13 57 57
2049_0015_0037_0034_0034.jpg 1 15 37 34 34
2050_0007_0017_0067_0067.jpg 1 7 17 67 67
2051_0016_0006_0067_0067.jpg 1 16 6 67 67
2052_0035_0035_0043_0043.jpg 1 35 35 43 43
2053_0037_0058_0031_0031.jpg 1 37 58 31 31
2054_0017_0057_0033_0033.jpg 1 17 57 33 33
2055_0022_0025_0040_0040.jpg 1 22 25 40 40
2056_0020_0006_0046_0046.jpg 1 20 6 46 46
2057_0015_0013_0069_0069.jpg 1 15 13 69 69
2058_0032_0026_0064_0064.jpg 1 32 26 64 64
2059_0038_0009_0029_0029.jpg 1 38 9 29 29
2060_0035_0012_0032_0032.jpg 1 35 12 32 32
2061_0041_0043_0031_0031.jpg 1 41 43 31 31
2062_0045_0019_0045_0045.jpg 1 45 19 45 45
2063_0026_0031_0040_0040.jpg 1 26 31 40 40
2064_0027_0010_0045_0045.jpg 1 27 10 45 45
2065_0035_0022_0054_0054.jpg 1 35 22 54 54
2066_0007_0020_0061_0061.jpg 1 7 20 61 61
2067_0043_0019_0050_0050.jpg 1 43 19 50 50
2068_0020_0026_0061_0061.jpg 1 20 26 61 61
2069_0038_0013_0042_0042.jpg 1 38 13 42 42
2070_0013_0009_0069_0069.jpg 1 13 9 69 69
2071_0012_0007_0069_0069.jpg 1 12 7 69 69
2072_0031_0003_0063_0063.jpg 1 31 3 63 63
2073_0020_0026_0046_0046.jpg 1 20 26 46 46
2074_0062_0040_0024_0024.jpg 1 62 40 24 24
2075_0052_0044_0037_0037.jpg 1 52 44 37 37
2076_0063_0023_0027_0027.jpg 1 63 23 27 27
2077_0028_0024_0051_0051.jpg 1 28 24 51 51
2078_0048_0044_0027_0027.jpg 1 48 44 27 27
2079_0035_0045_0045_0045.jpg 1 35 45 45 45
2080_0012_0024_0056_0056.jpg 1 12 24 56 56
2081_0021_0018_0034_0034.jpg 1 21 18 34 34
2082_0028_0004_0063_0063.jpg 1 28 4 63 63
2083_0003_0016_0063_0063.jpg 1 3 16 63 63
2084_0028_0003_0068_0068.jpg 1 28 3 68 68
2085_0005_0023_0045_0045.jpg 1 5 23 45 45
2086_0032_0055_0038_0038.jpg 1 32 55 38 38
2087_0013_0008_0024_0024.jpg 1 13 8 24 24
2088_0024_0051_0037_0037.jpg 1 24 51 37 37
2089_0054_0038_0037_0037.jpg 1 54 38 37 37
2090_0032_0042_0025_0025.jpg 1 32 42 25 25
2091_0027_0025_0068_0068.jpg 1 27 25 68 68
2092_0025_0007_0059_0059.jpg 1 25 7 59 59
2093_0031_0022_0048_0048.jpg 1 31 22 48 48
2094_0022_0012_0052_0052.jpg 1 22 12 52 52
2095_0020_0024_0061_0061.jpg 1 20 24 61 61
2096_0053_0054_0027_0027.jpg 1 53 54 27 27
2097_0025_0011_0038_0038.jpg 1 25 11 38 38
2098_0015_0033_0034_0034.jpg 1 15 33 34 34
2099_0023_0022_0042_0042.jpg 1 23 22 42 42
2100_0007_0030_0054_0054.jpg 1 7 30 54 54
2101_0006_0007_0068_0068.jpg 1 6 7 68 68
2102_0015_0018_0062_0062.jpg 1 15 18 62 62
2103_0021_0028_0046_0046.jpg 1 21 28 46 46
2104_0019_0028_0064_0064.jpg 1 19 28 64 64
2105_0024_0051_0033_0033.jpg 1 24 51 33 33
2106_0012_0037_0050_0050.jpg 1 12 37 50 50
2107_0039_0013_0024_0024.jpg 1 39 13 24 24
2108_0015_0008_0060_0060.jpg 1 15 8 60 60
2109_0045_0026_0030_0030.jpg 1 45 26 30 30
2110_0024_0061_0028_0028.jpg 1 24 61 28 28
2111_0038_0015_0026_0026.jpg 1 38 15 26 26
2112_0056_0008_0033_0033.jpg 1 56 8 33 33
2113_0012_0031_0063_0063.jpg 1 12 31 63 63
2114_0045_0018_0045_0045.jpg 1 45 18 45 45
2115_0031_0030_0056_0056.jpg 1 31 30 56 56
2116_0022_0005_0064_0064.jpg 1 22 5 64 64
2117_0012_0026_0066_0066.jpg 1 12 26 66 66
2118_0022_0014_0065_0065.jpg 1 22 14 65 65
2119_0048_0053_0025_0025.jpg 1 48 53 25 25
2120_0015_0022_0046_0046.jpg 1 15 22 46 46
2121_0021_0034_0055_0055.jpg 1 21 34 55 55
2122_0018_0051_0037_0037.jpg 1 18 51 37 37
2123_0035_0008_0044_0044.jpg 1 35 8 44 44
2124_0029_0028_0034_0034.jpg 1 29 28 34 34
2125_0015_0011_0067_0067.jpg 1 15 11 67 67
2126_0018_0046_0029_0029.jpg 1 18 46 29 29
2127_0016_0011_0059_0059.jpg 1 16 11 59 59
2128_0009_0009_0068_0068.jpg 1 9 9 68 68
2129_0017_0019_0068_0068.jpg 1 17 19 68 68
2130_0056_0040_0036_0036.jpg 1 56 40 36 36
2131_0034_0030_0050_0050.jpg 1 34 30 50 50
2132_0024_0065_0024_0024.jpg 1 24 65 24 24
2133_0016_0029_0024_0024.jpg 1 16 29 24 24
2134_0021_0048_0033_0033.jpg 1 21 48 33 33
2135_0053_0046_0037_0037.jpg 1 53 46 37 37
2136_0034_0004_0061_0061.jpg 1 34 4 61 61
2137_0026_0036_0038_0038.jpg 1 26 36 38 38
2138_0043_0047_0040_0040.jpg 1 43 47 40 40
2139_0036_0011_0044_0044.jpg 1 36 11 44 44
2140_0013_0019_0035_0035.jpg 1 13 19 35 35
2141_0033_0024_0046_0046.jpg 1 33 24 46 46
2142_0032_0044_0042_0042.jpg 1 32 44 42 42
2143_0051_0035_0033_0033.jpg 1 51 35 33 33
2144_0019_0052_0038_0038.jpg 1 19 52 38 38
2145_0024_0009_0039_0039.jpg 1 24 9 39 39
2146_0014_0011_0053_0053.jpg 1 14 11 53 53
2147_0024_0033_0061_0061.jpg 1 24 33 61 61
2148_0006_0038_0037_0037.jpg 1 6 38 37 37
2149_0015_0018_0047_0047.jpg 1 15 18 47 47
2150_0014_0043_0030_0030.jpg 1 14 43 30 30
2151_0028_0022_0059_0059.jpg 1 28 22 59 59
2152_0032_0031_0060_0060.jpg 1 32 31 60 60
2153_0017_0026_0060_0060.jpg 1 17 26 60 60
2154_0022_0030_0027_0027.jpg 1 22 30 27 27
2155_0004_0016_0053_0053.jpg 1 4 16 53 53
2156_0039_0037_0043_0043.jpg 1 39 37 43 43
2157_0057_0030_0029_0029.jpg 1 57 30 29 29
2158_0014_0017_0036_0036.jpg 1 14 17 36 36
2159_0058_0047_0033_0033.jpg 1 58 47 33 33
2160_0007_0013_0068_0068.jpg 1 7 13 68 68
2161_0014_0008_0046_0046.jpg 1 14 8 46 46
2162_0046_0032_0047_0047.jpg 1 46 32 47 47
2163_0032_0011_0045_0045.jpg 1 32 11 45 45
2164_0019_0015_0066_0066.jpg 1 19 15 66 66
2165_0051_0007_0025_0025.jpg 1 51 7 25 25
2166_0055_0009_0030_0030.jpg 1 55 9 30 30
2167_0012_0014_0037_0037.jpg 1 12 14 37 37
2168_0044_0008_0045_0045.jpg 1 44 8 45 45
2169_0028_0008_0064_0064.jpg 1 28 8 64 64
2170_0021_0034_0032_0032.jpg 1 21 34 32 32
2171_0018_0053_0037_0037.jpg 1 18 53 37 37
2172_0022_0052_0034_0034.jpg 1 22 52 34 34
2173_0020_0037_0057_0057.jpg 1 20 37 57 57
2174_0035_0058_0031_0031.jpg 1 35 58 31 31
2175_0024_0019_0061_0061.jpg 1 24 19 61 61
2176_0025_0032_0049_0049.jpg 1 25 32 49 49
2177_0017_0042_0031_0031.jpg 1 17 42 31 31
2178_0017_0019_0044_0044.jpg 1 17 19 44 44
2179_0045_0011_0049_0049.jpg 1 45 11 49 49
2180_0046_0055_0025_0025.jpg 1 46 55 25 25
2181_0032_0050_0028_0028.jpg 1 32 50 28 28
2182_0006_0028_0047_0047.jpg 1 6 28 47 47
2183_0021_0020_0057_0057.jpg 1 21 20 57 57
2184_0020_0005_0068_0068.jpg 1 20 5 68 68
2185_0034_0049_0042_0042.jpg 1 34 49 42 42
2186_0017_0019_0059_0059.jpg 1 17 19 59 59
2187_0043_0023_0046_0046.jpg 1 43 23 46 46
2188_0006_0020_0057_0057.jpg 1 6 20 57 57
2189_0016_0026_0066_0066.jpg 1 16 26 66 66
2190_0010_0026_0036_0036.jpg 1 10 26 36 36
2191_0017_0025_0063_0063.jpg 1 17 25 63 63
2192_0053_0010_0039_0039.jpg 1 53 10 39 39
2193_0007_0006_0066_0066.jpg 1 7 6 66 66
2194_0024_0025_0047_0047.jpg 1 24 25 47 47
2195_0051_0035_0028_0028.jpg 1 51 35 28 28
2196_0038_0036_0049_0049.jpg 1 38 36 49 49
2197_0032_0038_0056_0056.jpg 1 32 38 56 56
2198_0044_0015_0036_0036.jpg 1 44 15 36 36
2199_0033_0033_0046_0046.jpg 1 33 33 46 46
2200_0041_0006_0031_0031.jpg 1 41 6 31 31
2201_0014_0011_0065_0065.jpg 1 14 11 65 65
2202_0018_0031_0026_0026.jpg 1 18 31 26 26
2203_0018_0007_0053_0053.jpg 1 18 7 53 53
2204_0048_0028_0036_0036.jpg 1 48 28 36 36
2205_0016_0013_0041_0041.jpg 1 16 13 41 41
2206_0030_0036_0055_0055.jpg 1 30 36 55 55
2207_0003_0014_0065_0065.jpg 1 3 14 65 65
2208_0033_0017_0051_0051.jpg 1 33 17 51 51
2209_0034_0035_0057_0057.jpg 1 34 35 57 57
2210_0022_0032_0062_0062.jpg 1 22 32 62 62
2211_0034_0027_0057_0057.jpg 1 34 27 57 57
2212_0017_0036_0041_0041.jpg 1 17 36 41 41
2213_0014_0046_0046_0046.jpg 1 14 46 46 46
2214_0024_0006_0052_0052.jpg 1 24 6 52 52
2215_0033_0061_0030_0030.jpg 1 33 61 30 30
2216_0034_0021_0053_0053.jpg 1 34 21 53 53
2217_0021_0004_0062_0062.jpg 1 21 4 62 62
2218_0039_0014_0030_0030.jpg 1 39 14 30 30
2219_0016_0026_0035_0035.jpg 1 16 26 35 35
2220_0007_0010_0065_0065.jpg 1 7 10 65 65
2221_0007_0007_0041_0041.jpg 1 7 7 41 41
2222_0027_0030_0043_0043.jpg 1 27 30 43 43
2223_0007_0014_0067_0067.jpg 1 7 14 67 67
2224_0009_0031_0063_0063.jpg 1 9 31 63 63
2225_0053_0007_0030_0030.jpg 1 53 7 30 30
2226_0035_0040_0039_0039.jpg 1 35 40 39 39
2227_0020_0028_0059_0059.jpg 1 20 28 59 59
2228_0035_0016_0050_0050.jpg 1 35 16 50 50
